mode: atomic
github.com/qshuai/go-dsa/bigdata/reservoir_sampling.go:10.41,11.17 1 1
github.com/qshuai/go-dsa/bigdata/reservoir_sampling.go:11.17,13.3 1 0
github.com/qshuai/go-dsa/bigdata/reservoir_sampling.go:14.2,14.21 1 1
github.com/qshuai/go-dsa/bigdata/reservoir_sampling.go:14.21,16.3 1 0
github.com/qshuai/go-dsa/bigdata/reservoir_sampling.go:18.2,20.25 3 1
github.com/qshuai/go-dsa/bigdata/reservoir_sampling.go:20.25,22.3 1 1000
github.com/qshuai/go-dsa/bigdata/reservoir_sampling.go:24.2,26.37 3 1
github.com/qshuai/go-dsa/bigdata/reservoir_sampling.go:26.37,28.21 2 99000
github.com/qshuai/go-dsa/bigdata/reservoir_sampling.go:28.21,30.4 1 4583
github.com/qshuai/go-dsa/bigdata/reservoir_sampling.go:33.2,33.12 1 1
github.com/qshuai/go-dsa/golang/string_split.go:5.55,6.19 1 7
github.com/qshuai/go-dsa/golang/string_split.go:6.19,8.3 1 1
github.com/qshuai/go-dsa/golang/string_split.go:9.2,9.19 1 6
github.com/qshuai/go-dsa/golang/string_split.go:9.19,10.23 1 2
github.com/qshuai/go-dsa/golang/string_split.go:10.23,12.4 1 1
github.com/qshuai/go-dsa/golang/string_split.go:12.9,14.4 1 1
github.com/qshuai/go-dsa/golang/string_split.go:17.2,21.32 4 4
github.com/qshuai/go-dsa/golang/string_split.go:21.32,22.25 1 48
github.com/qshuai/go-dsa/golang/string_split.go:22.25,25.12 3 6
github.com/qshuai/go-dsa/golang/string_split.go:28.3,28.11 1 42
github.com/qshuai/go-dsa/golang/string_split.go:28.11,29.27 1 4
github.com/qshuai/go-dsa/golang/string_split.go:29.27,31.5 1 3
github.com/qshuai/go-dsa/golang/string_split.go:32.4,34.14 3 4
github.com/qshuai/go-dsa/golang/string_split.go:38.2,38.11 1 4
github.com/qshuai/go-dsa/golang/string_split.go:38.11,40.3 1 3
github.com/qshuai/go-dsa/golang/string_split.go:40.8,42.3 1 1
github.com/qshuai/go-dsa/golang/string_split.go:44.2,44.12 1 4
github.com/qshuai/go-dsa/golang/string_split.go:47.56,51.28 3 7
github.com/qshuai/go-dsa/golang/string_split.go:51.28,53.42 2 50
github.com/qshuai/go-dsa/golang/string_split.go:53.42,55.4 1 7
github.com/qshuai/go-dsa/golang/string_split.go:57.3,57.15 1 50
github.com/qshuai/go-dsa/golang/string_split.go:57.15,59.4 1 44
github.com/qshuai/go-dsa/golang/string_split.go:59.9,60.17 1 6
github.com/qshuai/go-dsa/golang/string_split.go:60.17,62.5 1 4
github.com/qshuai/go-dsa/golang/string_split.go:63.4,63.12 1 6
github.com/qshuai/go-dsa/golang/string_split.go:66.3,66.8 1 50
github.com/qshuai/go-dsa/golang/string_split.go:69.2,69.15 1 7
github.com/qshuai/go-dsa/golang/string_split.go:69.15,71.3 1 5
github.com/qshuai/go-dsa/golang/string_split.go:73.2,73.12 1 7
github.com/qshuai/go-dsa/other/0-1_knapsack_problem.go:12.57,16.2 3 2
github.com/qshuai/go-dsa/other/0-1_knapsack_problem.go:18.69,19.24 1 86
github.com/qshuai/go-dsa/other/0-1_knapsack_problem.go:19.24,21.3 1 32
github.com/qshuai/go-dsa/other/0-1_knapsack_problem.go:24.2,28.21 3 54
github.com/qshuai/go-dsa/other/0-1_knapsack_problem.go:28.21,30.3 1 26
github.com/qshuai/go-dsa/other/0-1_knapsack_problem.go:31.2,31.16 1 28
github.com/qshuai/go-dsa/other/0-1_knapsack_problem.go:31.16,33.3 1 7
github.com/qshuai/go-dsa/other/0-1_knapsack_problem.go:34.2,34.23 1 28
github.com/qshuai/go-dsa/other/0-1_knapsack_problem.go:34.23,37.3 1 5
github.com/qshuai/go-dsa/other/0-1_knapsack_problem.go:38.2,38.47 1 23
github.com/qshuai/go-dsa/other/0-1_knapsack_problem.go:42.61,44.33 2 2
github.com/qshuai/go-dsa/other/0-1_knapsack_problem.go:44.33,46.3 1 10
github.com/qshuai/go-dsa/other/0-1_knapsack_problem.go:48.2,50.12 3 2
github.com/qshuai/go-dsa/other/0-1_knapsack_problem.go:53.92,54.24 1 12
github.com/qshuai/go-dsa/other/0-1_knapsack_problem.go:54.24,56.3 1 2
github.com/qshuai/go-dsa/other/0-1_knapsack_problem.go:58.2,58.20 1 10
github.com/qshuai/go-dsa/other/0-1_knapsack_problem.go:58.20,60.3 1 0
github.com/qshuai/go-dsa/other/0-1_knapsack_problem.go:61.2,68.21 4 10
github.com/qshuai/go-dsa/other/0-1_knapsack_problem.go:68.21,70.3 1 0
github.com/qshuai/go-dsa/other/0-1_knapsack_problem.go:71.2,71.16 1 10
github.com/qshuai/go-dsa/other/0-1_knapsack_problem.go:71.16,73.3 1 3
github.com/qshuai/go-dsa/other/0-1_knapsack_problem.go:74.2,74.23 1 10
github.com/qshuai/go-dsa/other/0-1_knapsack_problem.go:74.23,77.3 1 3
github.com/qshuai/go-dsa/other/0-1_knapsack_problem.go:78.2,78.47 1 7
github.com/qshuai/go-dsa/other/0-1_knapsack_problem.go:82.71,84.34 2 2
github.com/qshuai/go-dsa/other/0-1_knapsack_problem.go:84.34,86.3 1 10
github.com/qshuai/go-dsa/other/0-1_knapsack_problem.go:87.2,88.28 2 2
github.com/qshuai/go-dsa/other/0-1_knapsack_problem.go:88.28,90.3 1 2
github.com/qshuai/go-dsa/other/0-1_knapsack_problem.go:92.2,92.35 1 2
github.com/qshuai/go-dsa/other/0-1_knapsack_problem.go:92.35,93.35 1 8
github.com/qshuai/go-dsa/other/0-1_knapsack_problem.go:93.35,94.22 1 80
github.com/qshuai/go-dsa/other/0-1_knapsack_problem.go:94.22,95.13 1 50
github.com/qshuai/go-dsa/other/0-1_knapsack_problem.go:99.4,103.21 3 30
github.com/qshuai/go-dsa/other/0-1_knapsack_problem.go:103.21,104.13 1 10
github.com/qshuai/go-dsa/other/0-1_knapsack_problem.go:106.4,106.22 1 20
github.com/qshuai/go-dsa/other/0-1_knapsack_problem.go:110.2,110.34 1 2
github.com/qshuai/go-dsa/other/0-1_knapsack_problem.go:110.34,111.30 1 3
github.com/qshuai/go-dsa/other/0-1_knapsack_problem.go:111.30,113.4 1 2
github.com/qshuai/go-dsa/other/0-1_knapsack_problem.go:116.2,116.10 1 0
github.com/qshuai/go-dsa/other/0-1_knapsack_problem.go:120.85,123.28 3 2
github.com/qshuai/go-dsa/other/0-1_knapsack_problem.go:123.28,125.3 1 2
github.com/qshuai/go-dsa/other/0-1_knapsack_problem.go:127.2,127.35 1 2
github.com/qshuai/go-dsa/other/0-1_knapsack_problem.go:127.35,128.35 1 8
github.com/qshuai/go-dsa/other/0-1_knapsack_problem.go:128.35,129.17 1 80
github.com/qshuai/go-dsa/other/0-1_knapsack_problem.go:129.17,130.13 1 36
github.com/qshuai/go-dsa/other/0-1_knapsack_problem.go:136.4,136.32 1 44
github.com/qshuai/go-dsa/other/0-1_knapsack_problem.go:136.32,138.5 1 26
github.com/qshuai/go-dsa/other/0-1_knapsack_problem.go:142.2,142.34 1 2
github.com/qshuai/go-dsa/other/0-1_knapsack_problem.go:142.34,143.15 1 3
github.com/qshuai/go-dsa/other/0-1_knapsack_problem.go:143.15,145.4 1 2
github.com/qshuai/go-dsa/other/0-1_knapsack_problem.go:148.2,148.10 1 0
github.com/qshuai/go-dsa/other/0-1_knapsack_problem.go:152.63,156.2 3 1
github.com/qshuai/go-dsa/other/0-1_knapsack_problem.go:158.101,159.24 1 45
github.com/qshuai/go-dsa/other/0-1_knapsack_problem.go:159.24,161.3 1 19
github.com/qshuai/go-dsa/other/0-1_knapsack_problem.go:164.2,167.40 2 26
github.com/qshuai/go-dsa/other/0-1_knapsack_problem.go:167.40,168.33 1 18
github.com/qshuai/go-dsa/other/0-1_knapsack_problem.go:168.33,170.4 1 4
github.com/qshuai/go-dsa/other/0-1_knapsack_problem.go:171.3,171.93 1 18
github.com/qshuai/go-dsa/other/0-1_knapsack_problem.go:176.77,178.34 2 1
github.com/qshuai/go-dsa/other/0-1_knapsack_problem.go:178.34,180.3 1 10
github.com/qshuai/go-dsa/other/0-1_knapsack_problem.go:182.2,183.28 2 1
github.com/qshuai/go-dsa/other/0-1_knapsack_problem.go:183.28,185.3 1 1
github.com/qshuai/go-dsa/other/0-1_knapsack_problem.go:187.2,187.35 1 1
github.com/qshuai/go-dsa/other/0-1_knapsack_problem.go:187.35,188.35 1 4
github.com/qshuai/go-dsa/other/0-1_knapsack_problem.go:188.35,189.20 1 40
github.com/qshuai/go-dsa/other/0-1_knapsack_problem.go:189.20,190.13 1 16
github.com/qshuai/go-dsa/other/0-1_knapsack_problem.go:193.4,193.32 1 24
github.com/qshuai/go-dsa/other/0-1_knapsack_problem.go:193.32,195.5 1 15
github.com/qshuai/go-dsa/other/0-1_knapsack_problem.go:199.2,200.34 2 1
github.com/qshuai/go-dsa/other/0-1_knapsack_problem.go:200.34,201.26 1 10
github.com/qshuai/go-dsa/other/0-1_knapsack_problem.go:201.26,203.4 1 8
github.com/qshuai/go-dsa/other/0-1_knapsack_problem.go:206.2,206.17 1 1
github.com/qshuai/go-dsa/other/0-1_knapsack_problem.go:211.76,212.21 1 1
github.com/qshuai/go-dsa/other/0-1_knapsack_problem.go:212.21,214.3 1 0
github.com/qshuai/go-dsa/other/0-1_knapsack_problem.go:216.2,220.20 5 1
github.com/qshuai/go-dsa/other/0-1_knapsack_problem.go:220.20,222.3 1 1
github.com/qshuai/go-dsa/other/0-1_knapsack_problem.go:223.2,223.34 1 1
github.com/qshuai/go-dsa/other/0-1_knapsack_problem.go:223.34,225.28 2 6
github.com/qshuai/go-dsa/other/0-1_knapsack_problem.go:225.28,226.22 1 3600
github.com/qshuai/go-dsa/other/0-1_knapsack_problem.go:226.22,227.13 1 3474
github.com/qshuai/go-dsa/other/0-1_knapsack_problem.go:229.4,231.25 2 126
github.com/qshuai/go-dsa/other/0-1_knapsack_problem.go:231.25,232.13 1 0
github.com/qshuai/go-dsa/other/0-1_knapsack_problem.go:235.4,235.31 1 126
github.com/qshuai/go-dsa/other/0-1_knapsack_problem.go:239.2,240.31 2 1
github.com/qshuai/go-dsa/other/0-1_knapsack_problem.go:240.31,241.29 1 2
github.com/qshuai/go-dsa/other/0-1_knapsack_problem.go:241.29,243.9 2 1
github.com/qshuai/go-dsa/other/0-1_knapsack_problem.go:246.2,246.17 1 1
github.com/qshuai/go-dsa/other/0-1_knapsack_problem.go:246.17,248.3 1 0
github.com/qshuai/go-dsa/other/0-1_knapsack_problem.go:250.2,251.38 2 1
github.com/qshuai/go-dsa/other/0-1_knapsack_problem.go:251.38,252.58 1 6
github.com/qshuai/go-dsa/other/0-1_knapsack_problem.go:252.58,255.4 2 3
github.com/qshuai/go-dsa/other/0-1_knapsack_problem.go:257.2,257.16 1 1
github.com/qshuai/go-dsa/other/0-1_knapsack_problem.go:257.16,259.3 1 0
github.com/qshuai/go-dsa/other/0-1_knapsack_problem.go:261.2,261.14 1 1
github.com/qshuai/go-dsa/other/0-1_knapsack_problem.go:267.61,268.22 1 1
github.com/qshuai/go-dsa/other/0-1_knapsack_problem.go:268.22,270.3 1 0
github.com/qshuai/go-dsa/other/0-1_knapsack_problem.go:272.2,275.35 4 1
github.com/qshuai/go-dsa/other/0-1_knapsack_problem.go:275.35,277.39 2 4
github.com/qshuai/go-dsa/other/0-1_knapsack_problem.go:277.39,278.14 1 14
github.com/qshuai/go-dsa/other/0-1_knapsack_problem.go:278.14,281.5 1 4
github.com/qshuai/go-dsa/other/0-1_knapsack_problem.go:281.10,281.36 1 10
github.com/qshuai/go-dsa/other/0-1_knapsack_problem.go:281.36,284.5 1 4
github.com/qshuai/go-dsa/other/0-1_knapsack_problem.go:284.10,287.5 1 6
github.com/qshuai/go-dsa/other/0-1_knapsack_problem.go:291.2,292.48 2 1
github.com/qshuai/go-dsa/other/0-1_knapsack_problem.go:292.48,293.43 1 5
github.com/qshuai/go-dsa/other/0-1_knapsack_problem.go:293.43,295.4 1 1
github.com/qshuai/go-dsa/other/0-1_knapsack_problem.go:298.2,298.20 1 1
github.com/qshuai/go-dsa/other/0-1_knapsack_problem.go:303.66,304.22 1 1
github.com/qshuai/go-dsa/other/0-1_knapsack_problem.go:304.22,306.3 1 0
github.com/qshuai/go-dsa/other/0-1_knapsack_problem.go:308.2,311.38 4 1
github.com/qshuai/go-dsa/other/0-1_knapsack_problem.go:311.38,314.3 1 3
github.com/qshuai/go-dsa/other/0-1_knapsack_problem.go:316.2,316.35 1 1
github.com/qshuai/go-dsa/other/0-1_knapsack_problem.go:316.35,321.39 3 3
github.com/qshuai/go-dsa/other/0-1_knapsack_problem.go:321.39,323.4 1 9
github.com/qshuai/go-dsa/other/0-1_knapsack_problem.go:326.2,326.56 1 1
github.com/qshuai/go-dsa/other/back_to_origin.go:6.30,11.27 5 2
github.com/qshuai/go-dsa/other/back_to_origin.go:11.27,13.31 2 6
github.com/qshuai/go-dsa/other/back_to_origin.go:13.31,17.4 1 60
github.com/qshuai/go-dsa/other/back_to_origin.go:21.2,21.17 1 2
github.com/qshuai/go-dsa/other/split_number.go:6.30,8.13 1 3
github.com/qshuai/go-dsa/other/split_number.go:8.13,10.3 1 1
github.com/qshuai/go-dsa/other/split_number.go:12.2,15.14 3 3
github.com/qshuai/go-dsa/other/split_number.go:15.14,19.3 3 16
github.com/qshuai/go-dsa/other/split_number.go:21.2,21.12 1 3
github.com/qshuai/go-dsa/other/split_number.go:25.30,29.6 3 7
github.com/qshuai/go-dsa/other/split_number.go:29.6,30.19 1 30
github.com/qshuai/go-dsa/other/split_number.go:30.19,32.4 1 7
github.com/qshuai/go-dsa/other/split_number.go:32.9,35.4 2 23
github.com/qshuai/go-dsa/other/valid_ip_address_count.go:14.40,16.21 2 3
github.com/qshuai/go-dsa/other/valid_ip_address_count.go:16.21,18.3 1 0
github.com/qshuai/go-dsa/other/valid_ip_address_count.go:20.2,23.31 4 3
github.com/qshuai/go-dsa/other/valid_ip_address_count.go:23.31,25.32 2 12
github.com/qshuai/go-dsa/other/valid_ip_address_count.go:25.32,26.14 1 66
github.com/qshuai/go-dsa/other/valid_ip_address_count.go:26.14,28.13 2 12
github.com/qshuai/go-dsa/other/valid_ip_address_count.go:31.4,32.15 2 54
github.com/qshuai/go-dsa/other/valid_ip_address_count.go:32.15,34.19 2 328
github.com/qshuai/go-dsa/other/valid_ip_address_count.go:34.19,36.6 1 0
github.com/qshuai/go-dsa/other/valid_ip_address_count.go:37.5,37.11 1 328
github.com/qshuai/go-dsa/other/valid_ip_address_count.go:37.11,39.6 1 120
github.com/qshuai/go-dsa/other/valid_ip_address_count.go:40.5,40.8 1 328
github.com/qshuai/go-dsa/other/valid_ip_address_count.go:45.2,45.27 1 3
github.com/qshuai/go-dsa/other/valid_ip_address_count.go:48.47,49.35 1 328
github.com/qshuai/go-dsa/other/valid_ip_address_count.go:49.35,51.3 1 169
github.com/qshuai/go-dsa/other/valid_ip_address_count.go:52.2,52.19 1 159
github.com/qshuai/go-dsa/other/valid_ip_address_count.go:52.19,54.3 1 54
github.com/qshuai/go-dsa/other/valid_ip_address_count.go:56.2,56.19 1 105
github.com/qshuai/go-dsa/other/valid_ip_address_count.go:56.19,59.3 1 24
github.com/qshuai/go-dsa/other/valid_ip_address_count.go:61.2,63.16 3 81
github.com/qshuai/go-dsa/other/valid_ip_address_count.go:63.16,65.3 1 0
github.com/qshuai/go-dsa/other/valid_ip_address_count.go:67.2,67.33 1 81
github.com/qshuai/go-dsa/leetcode/101_symmetric_tree.go:11.45,13.2 1 3
github.com/qshuai/go-dsa/leetcode/101_symmetric_tree.go:15.55,16.33 1 14
github.com/qshuai/go-dsa/leetcode/101_symmetric_tree.go:16.33,18.3 1 7
github.com/qshuai/go-dsa/leetcode/101_symmetric_tree.go:19.2,19.33 1 7
github.com/qshuai/go-dsa/leetcode/101_symmetric_tree.go:19.33,21.3 1 1
github.com/qshuai/go-dsa/leetcode/101_symmetric_tree.go:22.2,22.27 1 6
github.com/qshuai/go-dsa/leetcode/101_symmetric_tree.go:22.27,24.3 1 0
github.com/qshuai/go-dsa/leetcode/101_symmetric_tree.go:26.2,26.89 1 6
github.com/qshuai/go-dsa/leetcode/103_binary_tree_zigzag_level_order_traversal.go:17.53,18.17 1 1
github.com/qshuai/go-dsa/leetcode/103_binary_tree_zigzag_level_order_traversal.go:18.17,20.3 1 0
github.com/qshuai/go-dsa/leetcode/103_binary_tree_zigzag_level_order_traversal.go:22.2,26.21 5 1
github.com/qshuai/go-dsa/leetcode/103_binary_tree_zigzag_level_order_traversal.go:26.21,29.31 3 3
github.com/qshuai/go-dsa/leetcode/103_binary_tree_zigzag_level_order_traversal.go:29.31,34.24 4 5
github.com/qshuai/go-dsa/leetcode/103_binary_tree_zigzag_level_order_traversal.go:34.24,36.5 1 2
github.com/qshuai/go-dsa/leetcode/103_binary_tree_zigzag_level_order_traversal.go:37.4,37.25 1 5
github.com/qshuai/go-dsa/leetcode/103_binary_tree_zigzag_level_order_traversal.go:37.25,39.5 1 2
github.com/qshuai/go-dsa/leetcode/103_binary_tree_zigzag_level_order_traversal.go:41.4,41.17 1 5
github.com/qshuai/go-dsa/leetcode/103_binary_tree_zigzag_level_order_traversal.go:41.17,43.5 1 2
github.com/qshuai/go-dsa/leetcode/103_binary_tree_zigzag_level_order_traversal.go:43.10,45.5 1 3
github.com/qshuai/go-dsa/leetcode/103_binary_tree_zigzag_level_order_traversal.go:48.3,49.25 2 3
github.com/qshuai/go-dsa/leetcode/103_binary_tree_zigzag_level_order_traversal.go:52.2,52.12 1 1
github.com/qshuai/go-dsa/leetcode/1051_height_checker.go:6.39,8.33 2 3
github.com/qshuai/go-dsa/leetcode/1051_height_checker.go:8.33,9.19 1 16
github.com/qshuai/go-dsa/leetcode/1051_height_checker.go:9.19,11.4 1 1
github.com/qshuai/go-dsa/leetcode/1051_height_checker.go:12.3,12.19 1 16
github.com/qshuai/go-dsa/leetcode/1051_height_checker.go:12.19,14.4 1 5
github.com/qshuai/go-dsa/leetcode/1051_height_checker.go:17.2,18.33 2 3
github.com/qshuai/go-dsa/leetcode/1051_height_checker.go:18.33,20.3 1 16
github.com/qshuai/go-dsa/leetcode/1051_height_checker.go:22.2,23.33 2 3
github.com/qshuai/go-dsa/leetcode/1051_height_checker.go:23.33,24.16 1 14
github.com/qshuai/go-dsa/leetcode/1051_height_checker.go:24.16,25.34 1 16
github.com/qshuai/go-dsa/leetcode/1051_height_checker.go:25.34,27.5 1 8
github.com/qshuai/go-dsa/leetcode/1051_height_checker.go:29.4,30.12 2 16
github.com/qshuai/go-dsa/leetcode/1051_height_checker.go:34.2,34.15 1 3
github.com/qshuai/go-dsa/leetcode/1122_relative_sort_array.go:12.54,14.27 2 2
github.com/qshuai/go-dsa/leetcode/1122_relative_sort_array.go:14.27,15.16 1 17
github.com/qshuai/go-dsa/leetcode/1122_relative_sort_array.go:15.16,17.4 1 2
github.com/qshuai/go-dsa/leetcode/1122_relative_sort_array.go:18.3,18.16 1 17
github.com/qshuai/go-dsa/leetcode/1122_relative_sort_array.go:18.16,20.4 1 7
github.com/qshuai/go-dsa/leetcode/1122_relative_sort_array.go:23.2,24.27 2 2
github.com/qshuai/go-dsa/leetcode/1122_relative_sort_array.go:24.27,26.3 1 17
github.com/qshuai/go-dsa/leetcode/1122_relative_sort_array.go:28.2,29.27 2 2
github.com/qshuai/go-dsa/leetcode/1122_relative_sort_array.go:29.27,30.28 1 10
github.com/qshuai/go-dsa/leetcode/1122_relative_sort_array.go:30.28,34.4 3 13
github.com/qshuai/go-dsa/leetcode/1122_relative_sort_array.go:37.2,37.33 1 2
github.com/qshuai/go-dsa/leetcode/1122_relative_sort_array.go:37.33,38.16 1 58
github.com/qshuai/go-dsa/leetcode/1122_relative_sort_array.go:38.16,42.4 3 4
github.com/qshuai/go-dsa/leetcode/1122_relative_sort_array.go:45.2,45.13 1 2
github.com/qshuai/go-dsa/leetcode/125_valid_palindrome.go:17.34,18.17 1 5
github.com/qshuai/go-dsa/leetcode/125_valid_palindrome.go:18.17,20.3 1 1
github.com/qshuai/go-dsa/leetcode/125_valid_palindrome.go:22.2,23.12 2 4
github.com/qshuai/go-dsa/leetcode/125_valid_palindrome.go:23.12,26.14 2 17
github.com/qshuai/go-dsa/leetcode/125_valid_palindrome.go:26.14,28.11 2 30
github.com/qshuai/go-dsa/leetcode/125_valid_palindrome.go:28.11,30.13 2 14
github.com/qshuai/go-dsa/leetcode/125_valid_palindrome.go:33.4,33.15 1 16
github.com/qshuai/go-dsa/leetcode/125_valid_palindrome.go:33.15,35.5 1 1
github.com/qshuai/go-dsa/leetcode/125_valid_palindrome.go:35.10,37.5 1 15
github.com/qshuai/go-dsa/leetcode/125_valid_palindrome.go:38.4,38.9 1 16
github.com/qshuai/go-dsa/leetcode/125_valid_palindrome.go:42.3,43.14 2 17
github.com/qshuai/go-dsa/leetcode/125_valid_palindrome.go:43.14,45.11 2 22
github.com/qshuai/go-dsa/leetcode/125_valid_palindrome.go:45.11,47.13 2 6
github.com/qshuai/go-dsa/leetcode/125_valid_palindrome.go:50.4,50.15 1 16
github.com/qshuai/go-dsa/leetcode/125_valid_palindrome.go:50.15,52.5 1 1
github.com/qshuai/go-dsa/leetcode/125_valid_palindrome.go:52.10,54.5 1 15
github.com/qshuai/go-dsa/leetcode/125_valid_palindrome.go:55.4,55.9 1 16
github.com/qshuai/go-dsa/leetcode/125_valid_palindrome.go:58.3,58.13 1 17
github.com/qshuai/go-dsa/leetcode/125_valid_palindrome.go:58.13,60.4 1 1
github.com/qshuai/go-dsa/leetcode/125_valid_palindrome.go:62.3,63.6 2 16
github.com/qshuai/go-dsa/leetcode/125_valid_palindrome.go:66.2,66.13 1 3
github.com/qshuai/go-dsa/leetcode/125_valid_palindrome.go:70.35,71.17 1 5
github.com/qshuai/go-dsa/leetcode/125_valid_palindrome.go:71.17,73.3 1 1
github.com/qshuai/go-dsa/leetcode/125_valid_palindrome.go:75.2,76.14 2 4
github.com/qshuai/go-dsa/leetcode/125_valid_palindrome.go:76.14,78.3 1 1
github.com/qshuai/go-dsa/leetcode/125_valid_palindrome.go:80.2,80.17 1 3
github.com/qshuai/go-dsa/leetcode/125_valid_palindrome.go:80.17,85.19 3 1
github.com/qshuai/go-dsa/leetcode/125_valid_palindrome.go:85.19,86.32 1 1
github.com/qshuai/go-dsa/leetcode/125_valid_palindrome.go:86.32,88.5 1 1
github.com/qshuai/go-dsa/leetcode/125_valid_palindrome.go:90.4,91.20 2 0
github.com/qshuai/go-dsa/leetcode/125_valid_palindrome.go:93.8,98.19 3 2
github.com/qshuai/go-dsa/leetcode/125_valid_palindrome.go:98.19,99.32 1 10
github.com/qshuai/go-dsa/leetcode/125_valid_palindrome.go:99.32,101.5 1 0
github.com/qshuai/go-dsa/leetcode/125_valid_palindrome.go:103.4,104.20 2 10
github.com/qshuai/go-dsa/leetcode/125_valid_palindrome.go:108.2,108.13 1 2
github.com/qshuai/go-dsa/leetcode/125_valid_palindrome.go:116.86,131.23 8 4
github.com/qshuai/go-dsa/leetcode/125_valid_palindrome.go:131.23,133.10 2 51
github.com/qshuai/go-dsa/leetcode/125_valid_palindrome.go:133.10,134.12 1 21
github.com/qshuai/go-dsa/leetcode/125_valid_palindrome.go:137.3,138.14 2 30
github.com/qshuai/go-dsa/leetcode/125_valid_palindrome.go:138.14,141.4 1 2
github.com/qshuai/go-dsa/leetcode/125_valid_palindrome.go:143.3,143.25 1 30
github.com/qshuai/go-dsa/leetcode/125_valid_palindrome.go:143.25,150.12 4 3
github.com/qshuai/go-dsa/leetcode/125_valid_palindrome.go:153.3,162.18 4 27
github.com/qshuai/go-dsa/leetcode/125_valid_palindrome.go:162.18,164.4 1 13
github.com/qshuai/go-dsa/leetcode/125_valid_palindrome.go:167.2,167.28 1 4
github.com/qshuai/go-dsa/leetcode/125_valid_palindrome.go:174.42,175.54 1 103
github.com/qshuai/go-dsa/leetcode/125_valid_palindrome.go:175.54,177.3 1 58
github.com/qshuai/go-dsa/leetcode/125_valid_palindrome.go:179.2,179.26 1 45
github.com/qshuai/go-dsa/leetcode/125_valid_palindrome.go:179.26,181.3 1 4
github.com/qshuai/go-dsa/leetcode/125_valid_palindrome.go:183.2,183.21 1 41
github.com/qshuai/go-dsa/leetcode/125_valid_palindrome.go:190.46,191.54 1 0
github.com/qshuai/go-dsa/leetcode/125_valid_palindrome.go:191.54,193.3 1 0
github.com/qshuai/go-dsa/leetcode/125_valid_palindrome.go:195.2,195.26 1 0
github.com/qshuai/go-dsa/leetcode/125_valid_palindrome.go:195.26,197.3 1 0
github.com/qshuai/go-dsa/leetcode/125_valid_palindrome.go:199.2,199.21 1 0
github.com/qshuai/go-dsa/leetcode/128_longest_consecutive_sequence.go:12.41,14.33 2 2
github.com/qshuai/go-dsa/leetcode/128_longest_consecutive_sequence.go:14.33,16.3 1 16
github.com/qshuai/go-dsa/leetcode/128_longest_consecutive_sequence.go:18.2,19.21 2 2
github.com/qshuai/go-dsa/leetcode/128_longest_consecutive_sequence.go:19.21,20.28 1 15
github.com/qshuai/go-dsa/leetcode/128_longest_consecutive_sequence.go:20.28,21.12 1 11
github.com/qshuai/go-dsa/leetcode/128_longest_consecutive_sequence.go:24.3,25.31 2 4
github.com/qshuai/go-dsa/leetcode/128_longest_consecutive_sequence.go:25.31,26.28 1 15
github.com/qshuai/go-dsa/leetcode/128_longest_consecutive_sequence.go:26.28,27.10 1 4
github.com/qshuai/go-dsa/leetcode/128_longest_consecutive_sequence.go:30.4,30.9 1 11
github.com/qshuai/go-dsa/leetcode/128_longest_consecutive_sequence.go:32.3,32.16 1 4
github.com/qshuai/go-dsa/leetcode/128_longest_consecutive_sequence.go:32.16,34.4 1 3
github.com/qshuai/go-dsa/leetcode/128_longest_consecutive_sequence.go:37.2,37.12 1 2
github.com/qshuai/go-dsa/leetcode/128_longest_consecutive_sequence.go:41.42,42.20 1 0
github.com/qshuai/go-dsa/leetcode/128_longest_consecutive_sequence.go:42.20,44.3 1 0
github.com/qshuai/go-dsa/leetcode/128_longest_consecutive_sequence.go:46.2,47.33 2 0
github.com/qshuai/go-dsa/leetcode/128_longest_consecutive_sequence.go:47.33,48.20 1 0
github.com/qshuai/go-dsa/leetcode/128_longest_consecutive_sequence.go:48.20,50.4 1 0
github.com/qshuai/go-dsa/leetcode/128_longest_consecutive_sequence.go:51.3,51.20 1 0
github.com/qshuai/go-dsa/leetcode/128_longest_consecutive_sequence.go:51.20,53.4 1 0
github.com/qshuai/go-dsa/leetcode/128_longest_consecutive_sequence.go:56.2,57.33 2 0
github.com/qshuai/go-dsa/leetcode/128_longest_consecutive_sequence.go:57.33,59.3 1 0
github.com/qshuai/go-dsa/leetcode/128_longest_consecutive_sequence.go:61.2,62.35 2 0
github.com/qshuai/go-dsa/leetcode/128_longest_consecutive_sequence.go:62.35,63.16 1 0
github.com/qshuai/go-dsa/leetcode/128_longest_consecutive_sequence.go:63.16,65.4 1 0
github.com/qshuai/go-dsa/leetcode/128_longest_consecutive_sequence.go:65.9,66.17 1 0
github.com/qshuai/go-dsa/leetcode/128_longest_consecutive_sequence.go:66.17,68.5 1 0
github.com/qshuai/go-dsa/leetcode/128_longest_consecutive_sequence.go:69.4,69.11 1 0
github.com/qshuai/go-dsa/leetcode/128_longest_consecutive_sequence.go:72.2,72.15 1 0
github.com/qshuai/go-dsa/leetcode/128_longest_consecutive_sequence.go:72.15,74.3 1 0
github.com/qshuai/go-dsa/leetcode/128_longest_consecutive_sequence.go:76.2,76.12 1 0
github.com/qshuai/go-dsa/leetcode/129_sum_root_to_leaf_numbers.go:19.43,23.2 3 2
github.com/qshuai/go-dsa/leetcode/129_sum_root_to_leaf_numbers.go:25.67,27.43 2 8
github.com/qshuai/go-dsa/leetcode/129_sum_root_to_leaf_numbers.go:27.43,30.40 2 5
github.com/qshuai/go-dsa/leetcode/129_sum_root_to_leaf_numbers.go:30.40,33.4 2 12
github.com/qshuai/go-dsa/leetcode/129_sum_root_to_leaf_numbers.go:35.3,35.9 1 5
github.com/qshuai/go-dsa/leetcode/129_sum_root_to_leaf_numbers.go:39.2,39.22 1 3
github.com/qshuai/go-dsa/leetcode/129_sum_root_to_leaf_numbers.go:39.22,42.3 2 3
github.com/qshuai/go-dsa/leetcode/129_sum_root_to_leaf_numbers.go:45.2,45.23 1 3
github.com/qshuai/go-dsa/leetcode/129_sum_root_to_leaf_numbers.go:45.23,48.3 2 3
github.com/qshuai/go-dsa/leetcode/141_linked_list_cycle.go:12.52,14.38 2 3
github.com/qshuai/go-dsa/leetcode/141_linked_list_cycle.go:14.38,15.24 1 5
github.com/qshuai/go-dsa/leetcode/141_linked_list_cycle.go:15.24,17.4 1 2
github.com/qshuai/go-dsa/leetcode/141_linked_list_cycle.go:19.3,21.19 3 3
github.com/qshuai/go-dsa/leetcode/141_linked_list_cycle.go:21.19,23.4 1 0
github.com/qshuai/go-dsa/leetcode/141_linked_list_cycle.go:26.2,26.14 1 1
github.com/qshuai/go-dsa/leetcode/152_maximum_product_subarray.go:12.33,15.33 3 3
github.com/qshuai/go-dsa/leetcode/152_maximum_product_subarray.go:15.33,16.18 1 6
github.com/qshuai/go-dsa/leetcode/152_maximum_product_subarray.go:16.18,18.4 1 2
github.com/qshuai/go-dsa/leetcode/152_maximum_product_subarray.go:20.3,23.21 3 6
github.com/qshuai/go-dsa/leetcode/152_maximum_product_subarray.go:26.2,26.10 1 3
github.com/qshuai/go-dsa/leetcode/15_3sum.go:12.35,13.20 1 5
github.com/qshuai/go-dsa/leetcode/15_3sum.go:13.20,15.3 1 0
github.com/qshuai/go-dsa/leetcode/15_3sum.go:17.2,20.33 3 5
github.com/qshuai/go-dsa/leetcode/15_3sum.go:20.33,21.36 1 3032
github.com/qshuai/go-dsa/leetcode/15_3sum.go:21.36,22.12 1 3005
github.com/qshuai/go-dsa/leetcode/15_3sum.go:25.3,25.18 1 27
github.com/qshuai/go-dsa/leetcode/15_3sum.go:25.18,26.12 1 11
github.com/qshuai/go-dsa/leetcode/15_3sum.go:29.3,31.19 3 16
github.com/qshuai/go-dsa/leetcode/15_3sum.go:31.19,33.16 2 52
github.com/qshuai/go-dsa/leetcode/15_3sum.go:33.16,35.51 2 22
github.com/qshuai/go-dsa/leetcode/15_3sum.go:35.51,37.6 1 3010
github.com/qshuai/go-dsa/leetcode/15_3sum.go:39.5,39.51 1 22
github.com/qshuai/go-dsa/leetcode/15_3sum.go:39.51,41.6 1 0
github.com/qshuai/go-dsa/leetcode/15_3sum.go:43.5,44.11 2 22
github.com/qshuai/go-dsa/leetcode/15_3sum.go:45.10,45.22 1 30
github.com/qshuai/go-dsa/leetcode/15_3sum.go:45.22,47.5 1 15
github.com/qshuai/go-dsa/leetcode/15_3sum.go:47.10,49.5 1 15
github.com/qshuai/go-dsa/leetcode/15_3sum.go:53.2,53.15 1 5
github.com/qshuai/go-dsa/leetcode/162_find_peak_element.go:16.38,17.41 1 4
github.com/qshuai/go-dsa/leetcode/162_find_peak_element.go:17.41,19.3 1 0
github.com/qshuai/go-dsa/leetcode/162_find_peak_element.go:20.2,20.43 1 4
github.com/qshuai/go-dsa/leetcode/162_find_peak_element.go:20.43,22.3 1 0
github.com/qshuai/go-dsa/leetcode/162_find_peak_element.go:24.2,25.19 2 4
github.com/qshuai/go-dsa/leetcode/162_find_peak_element.go:25.19,27.15 2 8
github.com/qshuai/go-dsa/leetcode/162_find_peak_element.go:27.15,29.4 1 1
github.com/qshuai/go-dsa/leetcode/162_find_peak_element.go:29.9,29.64 1 7
github.com/qshuai/go-dsa/leetcode/162_find_peak_element.go:29.64,31.4 1 3
github.com/qshuai/go-dsa/leetcode/162_find_peak_element.go:31.9,31.37 1 4
github.com/qshuai/go-dsa/leetcode/162_find_peak_element.go:31.37,33.4 1 1
github.com/qshuai/go-dsa/leetcode/162_find_peak_element.go:33.9,35.4 1 3
github.com/qshuai/go-dsa/leetcode/162_find_peak_element.go:38.2,38.13 1 1
github.com/qshuai/go-dsa/leetcode/164_maximum_gap.go:8.33,9.20 1 5
github.com/qshuai/go-dsa/leetcode/164_maximum_gap.go:9.20,11.3 1 1
github.com/qshuai/go-dsa/leetcode/164_maximum_gap.go:14.2,15.33 2 4
github.com/qshuai/go-dsa/leetcode/164_maximum_gap.go:15.33,16.20 1 18
github.com/qshuai/go-dsa/leetcode/164_maximum_gap.go:16.20,18.4 1 4
github.com/qshuai/go-dsa/leetcode/164_maximum_gap.go:19.3,19.20 1 18
github.com/qshuai/go-dsa/leetcode/164_maximum_gap.go:19.20,21.4 1 3
github.com/qshuai/go-dsa/leetcode/164_maximum_gap.go:24.2,24.16 1 4
github.com/qshuai/go-dsa/leetcode/164_maximum_gap.go:24.16,26.3 1 1
github.com/qshuai/go-dsa/leetcode/164_maximum_gap.go:27.2,28.14 2 3
github.com/qshuai/go-dsa/leetcode/164_maximum_gap.go:28.14,30.3 1 1
github.com/qshuai/go-dsa/leetcode/164_maximum_gap.go:31.2,34.33 4 3
github.com/qshuai/go-dsa/leetcode/164_maximum_gap.go:34.33,36.24 2 18
github.com/qshuai/go-dsa/leetcode/164_maximum_gap.go:36.24,38.4 1 8
github.com/qshuai/go-dsa/leetcode/164_maximum_gap.go:38.9,38.35 1 10
github.com/qshuai/go-dsa/leetcode/164_maximum_gap.go:38.35,40.4 1 0
github.com/qshuai/go-dsa/leetcode/164_maximum_gap.go:42.3,42.24 1 18
github.com/qshuai/go-dsa/leetcode/164_maximum_gap.go:42.24,44.4 1 8
github.com/qshuai/go-dsa/leetcode/164_maximum_gap.go:44.9,44.35 1 10
github.com/qshuai/go-dsa/leetcode/164_maximum_gap.go:44.35,46.4 1 2
github.com/qshuai/go-dsa/leetcode/164_maximum_gap.go:49.2,52.18 4 3
github.com/qshuai/go-dsa/leetcode/164_maximum_gap.go:52.18,54.61 2 8
github.com/qshuai/go-dsa/leetcode/164_maximum_gap.go:54.61,56.4 1 6
github.com/qshuai/go-dsa/leetcode/164_maximum_gap.go:57.3,57.19 1 8
github.com/qshuai/go-dsa/leetcode/164_maximum_gap.go:57.19,58.9 1 3
github.com/qshuai/go-dsa/leetcode/164_maximum_gap.go:61.3,62.20 2 5
github.com/qshuai/go-dsa/leetcode/164_maximum_gap.go:62.20,64.4 1 4
github.com/qshuai/go-dsa/leetcode/164_maximum_gap.go:65.3,65.8 1 5
github.com/qshuai/go-dsa/leetcode/164_maximum_gap.go:68.2,68.15 1 3
github.com/qshuai/go-dsa/leetcode/1658_minimum_operations_to_reduce_x_to_zero.go:18.43,20.33 2 4
github.com/qshuai/go-dsa/leetcode/1658_minimum_operations_to_reduce_x_to_zero.go:20.33,22.3 1 32
github.com/qshuai/go-dsa/leetcode/1658_minimum_operations_to_reduce_x_to_zero.go:24.2,25.12 2 4
github.com/qshuai/go-dsa/leetcode/1658_minimum_operations_to_reduce_x_to_zero.go:25.12,27.3 1 1
github.com/qshuai/go-dsa/leetcode/1658_minimum_operations_to_reduce_x_to_zero.go:29.2,31.39 3 3
github.com/qshuai/go-dsa/leetcode/1658_minimum_operations_to_reduce_x_to_zero.go:31.39,34.33 2 16
github.com/qshuai/go-dsa/leetcode/1658_minimum_operations_to_reduce_x_to_zero.go:34.33,36.4 1 1
github.com/qshuai/go-dsa/leetcode/1658_minimum_operations_to_reduce_x_to_zero.go:38.3,38.27 1 16
github.com/qshuai/go-dsa/leetcode/1658_minimum_operations_to_reduce_x_to_zero.go:38.27,41.34 3 7
github.com/qshuai/go-dsa/leetcode/1658_minimum_operations_to_reduce_x_to_zero.go:41.34,43.5 1 1
github.com/qshuai/go-dsa/leetcode/1658_minimum_operations_to_reduce_x_to_zero.go:47.2,47.24 1 3
github.com/qshuai/go-dsa/leetcode/1658_minimum_operations_to_reduce_x_to_zero.go:47.24,49.3 1 1
github.com/qshuai/go-dsa/leetcode/1658_minimum_operations_to_reduce_x_to_zero.go:50.2,50.24 1 2
github.com/qshuai/go-dsa/leetcode/169_majority_element.go:9.38,11.27 2 3
github.com/qshuai/go-dsa/leetcode/169_majority_element.go:11.27,12.17 1 15
github.com/qshuai/go-dsa/leetcode/169_majority_element.go:12.17,15.12 3 7
github.com/qshuai/go-dsa/leetcode/169_majority_element.go:18.3,18.20 1 8
github.com/qshuai/go-dsa/leetcode/169_majority_element.go:18.20,20.4 1 2
github.com/qshuai/go-dsa/leetcode/169_majority_element.go:20.9,22.4 1 6
github.com/qshuai/go-dsa/leetcode/169_majority_element.go:25.2,25.15 1 3
github.com/qshuai/go-dsa/leetcode/1721_swapping_nodes_in_a_linked_list.go:12.74,14.25 2 2
github.com/qshuai/go-dsa/leetcode/1721_swapping_nodes_in_a_linked_list.go:14.25,16.3 1 1
github.com/qshuai/go-dsa/leetcode/1721_swapping_nodes_in_a_linked_list.go:18.2,19.23 2 2
github.com/qshuai/go-dsa/leetcode/1721_swapping_nodes_in_a_linked_list.go:19.23,22.3 2 5
github.com/qshuai/go-dsa/leetcode/1721_swapping_nodes_in_a_linked_list.go:24.2,25.13 2 2
github.com/qshuai/go-dsa/leetcode/17_letter_combinations_of_a_phone_number.go:14.49,15.22 1 1
github.com/qshuai/go-dsa/leetcode/17_letter_combinations_of_a_phone_number.go:15.22,17.3 1 0
github.com/qshuai/go-dsa/leetcode/17_letter_combinations_of_a_phone_number.go:19.2,22.12 3 1
github.com/qshuai/go-dsa/leetcode/17_letter_combinations_of_a_phone_number.go:25.72,26.30 1 13
github.com/qshuai/go-dsa/leetcode/17_letter_combinations_of_a_phone_number.go:26.30,29.3 2 9
github.com/qshuai/go-dsa/leetcode/17_letter_combinations_of_a_phone_number.go:31.2,32.31 2 4
github.com/qshuai/go-dsa/leetcode/17_letter_combinations_of_a_phone_number.go:32.31,34.3 1 12
github.com/qshuai/go-dsa/leetcode/189_rotate_array.go:6.32,9.35 2 2
github.com/qshuai/go-dsa/leetcode/189_rotate_array.go:9.35,11.3 1 5
github.com/qshuai/go-dsa/leetcode/189_rotate_array.go:14.2,14.27 1 2
github.com/qshuai/go-dsa/leetcode/189_rotate_array.go:14.27,16.3 1 2
github.com/qshuai/go-dsa/leetcode/189_rotate_array.go:19.2,19.41 1 2
github.com/qshuai/go-dsa/leetcode/189_rotate_array.go:19.41,21.3 1 3
github.com/qshuai/go-dsa/leetcode/199_binary_tree_right_side_view.go:17.48,18.17 1 3
github.com/qshuai/go-dsa/leetcode/199_binary_tree_right_side_view.go:18.17,20.3 1 0
github.com/qshuai/go-dsa/leetcode/199_binary_tree_right_side_view.go:22.2,25.22 4 3
github.com/qshuai/go-dsa/leetcode/199_binary_tree_right_side_view.go:25.22,27.31 2 7
github.com/qshuai/go-dsa/leetcode/199_binary_tree_right_side_view.go:27.31,31.24 4 9
github.com/qshuai/go-dsa/leetcode/199_binary_tree_right_side_view.go:31.24,33.5 1 2
github.com/qshuai/go-dsa/leetcode/199_binary_tree_right_side_view.go:34.4,34.25 1 9
github.com/qshuai/go-dsa/leetcode/199_binary_tree_right_side_view.go:34.25,36.5 1 4
github.com/qshuai/go-dsa/leetcode/199_binary_tree_right_side_view.go:39.4,39.21 1 9
github.com/qshuai/go-dsa/leetcode/199_binary_tree_right_side_view.go:39.21,41.5 1 7
github.com/qshuai/go-dsa/leetcode/199_binary_tree_right_side_view.go:45.2,45.12 1 3
github.com/qshuai/go-dsa/leetcode/19_remove_nth_node_from_end_of_list.go:17.81,18.17 1 2
github.com/qshuai/go-dsa/leetcode/19_remove_nth_node_from_end_of_list.go:18.17,20.3 1 0
github.com/qshuai/go-dsa/leetcode/19_remove_nth_node_from_end_of_list.go:22.2,23.26 2 2
github.com/qshuai/go-dsa/leetcode/19_remove_nth_node_from_end_of_list.go:23.26,25.3 1 3
github.com/qshuai/go-dsa/leetcode/19_remove_nth_node_from_end_of_list.go:28.2,28.17 1 2
github.com/qshuai/go-dsa/leetcode/19_remove_nth_node_from_end_of_list.go:28.17,30.3 1 1
github.com/qshuai/go-dsa/leetcode/19_remove_nth_node_from_end_of_list.go:32.2,33.18 2 1
github.com/qshuai/go-dsa/leetcode/19_remove_nth_node_from_end_of_list.go:33.18,38.3 3 3
github.com/qshuai/go-dsa/leetcode/19_remove_nth_node_from_end_of_list.go:40.2,41.13 2 1
github.com/qshuai/go-dsa/leetcode/19_remove_nth_node_from_end_of_list.go:44.82,45.17 1 2
github.com/qshuai/go-dsa/leetcode/19_remove_nth_node_from_end_of_list.go:45.17,47.3 1 0
github.com/qshuai/go-dsa/leetcode/19_remove_nth_node_from_end_of_list.go:49.2,51.18 3 2
github.com/qshuai/go-dsa/leetcode/19_remove_nth_node_from_end_of_list.go:51.18,55.3 3 6
github.com/qshuai/go-dsa/leetcode/19_remove_nth_node_from_end_of_list.go:57.2,58.35 2 2
github.com/qshuai/go-dsa/leetcode/19_remove_nth_node_from_end_of_list.go:58.35,60.3 1 0
github.com/qshuai/go-dsa/leetcode/19_remove_nth_node_from_end_of_list.go:62.2,62.17 1 2
github.com/qshuai/go-dsa/leetcode/19_remove_nth_node_from_end_of_list.go:62.17,65.3 2 1
github.com/qshuai/go-dsa/leetcode/19_remove_nth_node_from_end_of_list.go:67.2,68.13 2 1
github.com/qshuai/go-dsa/leetcode/1_two_sum.go:10.43,11.20 1 3
github.com/qshuai/go-dsa/leetcode/1_two_sum.go:11.20,13.3 1 0
github.com/qshuai/go-dsa/leetcode/1_two_sum.go:15.2,16.33 2 3
github.com/qshuai/go-dsa/leetcode/1_two_sum.go:16.33,17.34 1 13
github.com/qshuai/go-dsa/leetcode/1_two_sum.go:17.34,19.4 1 2
github.com/qshuai/go-dsa/leetcode/1_two_sum.go:21.3,21.24 1 11
github.com/qshuai/go-dsa/leetcode/1_two_sum.go:24.2,24.12 1 1
github.com/qshuai/go-dsa/leetcode/1_two_sum.go:27.45,28.20 1 3
github.com/qshuai/go-dsa/leetcode/1_two_sum.go:28.20,30.3 1 0
github.com/qshuai/go-dsa/leetcode/1_two_sum.go:32.2,32.35 1 3
github.com/qshuai/go-dsa/leetcode/1_two_sum.go:32.35,33.38 1 9
github.com/qshuai/go-dsa/leetcode/1_two_sum.go:33.38,34.33 1 22
github.com/qshuai/go-dsa/leetcode/1_two_sum.go:34.33,36.5 1 2
github.com/qshuai/go-dsa/leetcode/1_two_sum.go:40.2,40.12 1 1
github.com/qshuai/go-dsa/leetcode/200_number_of_islands.go:13.36,15.33 2 3
github.com/qshuai/go-dsa/leetcode/200_number_of_islands.go:15.33,16.37 1 11
github.com/qshuai/go-dsa/leetcode/200_number_of_islands.go:16.37,17.25 1 49
github.com/qshuai/go-dsa/leetcode/200_number_of_islands.go:17.25,20.5 2 5
github.com/qshuai/go-dsa/leetcode/200_number_of_islands.go:24.2,24.14 1 3
github.com/qshuai/go-dsa/leetcode/200_number_of_islands.go:27.42,28.59 1 97
github.com/qshuai/go-dsa/leetcode/200_number_of_islands.go:28.59,31.3 1 24
github.com/qshuai/go-dsa/leetcode/200_number_of_islands.go:32.2,32.23 1 73
github.com/qshuai/go-dsa/leetcode/200_number_of_islands.go:32.23,34.3 1 50
github.com/qshuai/go-dsa/leetcode/200_number_of_islands.go:36.2,40.26 5 23
github.com/qshuai/go-dsa/leetcode/2095_delete_the_middle_node_of_a_linked_list.go:12.70,13.37 1 3
github.com/qshuai/go-dsa/leetcode/2095_delete_the_middle_node_of_a_linked_list.go:13.37,16.3 1 1
github.com/qshuai/go-dsa/leetcode/2095_delete_the_middle_node_of_a_linked_list.go:18.2,19.48 2 2
github.com/qshuai/go-dsa/leetcode/2095_delete_the_middle_node_of_a_linked_list.go:19.48,22.3 2 2
github.com/qshuai/go-dsa/leetcode/2095_delete_the_middle_node_of_a_linked_list.go:24.2,25.13 2 2
github.com/qshuai/go-dsa/leetcode/209_minimum_size_subarray_sum.go:18.49,21.27 3 3
github.com/qshuai/go-dsa/leetcode/209_minimum_size_subarray_sum.go:21.27,23.21 2 17
github.com/qshuai/go-dsa/leetcode/209_minimum_size_subarray_sum.go:23.21,25.20 2 8
github.com/qshuai/go-dsa/leetcode/209_minimum_size_subarray_sum.go:25.20,27.5 1 5
github.com/qshuai/go-dsa/leetcode/209_minimum_size_subarray_sum.go:29.4,30.7 2 8
github.com/qshuai/go-dsa/leetcode/209_minimum_size_subarray_sum.go:34.2,34.24 1 3
github.com/qshuai/go-dsa/leetcode/209_minimum_size_subarray_sum.go:34.24,36.3 1 1
github.com/qshuai/go-dsa/leetcode/209_minimum_size_subarray_sum.go:37.2,37.12 1 2
github.com/qshuai/go-dsa/leetcode/20_valid_parentheses.go:11.29,14.30 3 3
github.com/qshuai/go-dsa/leetcode/20_valid_parentheses.go:14.30,15.17 1 10
github.com/qshuai/go-dsa/leetcode/20_valid_parentheses.go:15.17,18.12 3 4
github.com/qshuai/go-dsa/leetcode/20_valid_parentheses.go:21.3,21.15 1 6
github.com/qshuai/go-dsa/leetcode/20_valid_parentheses.go:22.12,23.26 1 2
github.com/qshuai/go-dsa/leetcode/20_valid_parentheses.go:23.26,25.5 1 0
github.com/qshuai/go-dsa/leetcode/20_valid_parentheses.go:26.4,26.12 1 2
github.com/qshuai/go-dsa/leetcode/20_valid_parentheses.go:27.12,28.26 1 2
github.com/qshuai/go-dsa/leetcode/20_valid_parentheses.go:28.26,30.5 1 0
github.com/qshuai/go-dsa/leetcode/20_valid_parentheses.go:31.4,31.12 1 2
github.com/qshuai/go-dsa/leetcode/20_valid_parentheses.go:32.12,33.26 1 1
github.com/qshuai/go-dsa/leetcode/20_valid_parentheses.go:33.26,35.5 1 1
github.com/qshuai/go-dsa/leetcode/20_valid_parentheses.go:36.4,36.12 1 0
github.com/qshuai/go-dsa/leetcode/20_valid_parentheses.go:37.11,39.22 2 1
github.com/qshuai/go-dsa/leetcode/20_valid_parentheses.go:43.2,43.19 1 2
github.com/qshuai/go-dsa/leetcode/215_kth_largest_element_in_an_array.go:9.44,12.33 2 4
github.com/qshuai/go-dsa/leetcode/215_kth_largest_element_in_an_array.go:12.33,13.25 1 6
github.com/qshuai/go-dsa/leetcode/215_kth_largest_element_in_an_array.go:13.25,14.12 1 0
github.com/qshuai/go-dsa/leetcode/215_kth_largest_element_in_an_array.go:17.3,18.45 2 6
github.com/qshuai/go-dsa/leetcode/215_kth_largest_element_in_an_array.go:21.2,21.16 1 4
github.com/qshuai/go-dsa/leetcode/215_kth_largest_element_in_an_array.go:26.45,27.47 1 4
github.com/qshuai/go-dsa/leetcode/215_kth_largest_element_in_an_array.go:27.47,29.3 1 0
github.com/qshuai/go-dsa/leetcode/215_kth_largest_element_in_an_array.go:31.2,32.6 2 4
github.com/qshuai/go-dsa/leetcode/215_kth_largest_element_in_an_array.go:32.6,34.26 2 10
github.com/qshuai/go-dsa/leetcode/215_kth_largest_element_in_an_array.go:34.26,36.4 1 4
github.com/qshuai/go-dsa/leetcode/215_kth_largest_element_in_an_array.go:36.9,36.32 1 6
github.com/qshuai/go-dsa/leetcode/215_kth_largest_element_in_an_array.go:36.32,38.4 1 2
github.com/qshuai/go-dsa/leetcode/215_kth_largest_element_in_an_array.go:38.9,41.4 2 4
github.com/qshuai/go-dsa/leetcode/215_kth_largest_element_in_an_array.go:46.32,47.20 1 10
github.com/qshuai/go-dsa/leetcode/215_kth_largest_element_in_an_array.go:47.20,49.3 1 0
github.com/qshuai/go-dsa/leetcode/215_kth_largest_element_in_an_array.go:51.2,52.6 2 10
github.com/qshuai/go-dsa/leetcode/215_kth_largest_element_in_an_array.go:52.6,53.13 1 26
github.com/qshuai/go-dsa/leetcode/215_kth_largest_element_in_an_array.go:53.13,54.9 1 10
github.com/qshuai/go-dsa/leetcode/215_kth_largest_element_in_an_array.go:57.3,57.35 1 16
github.com/qshuai/go-dsa/leetcode/215_kth_largest_element_in_an_array.go:57.35,59.4 1 14
github.com/qshuai/go-dsa/leetcode/215_kth_largest_element_in_an_array.go:60.3,61.35 2 16
github.com/qshuai/go-dsa/leetcode/215_kth_largest_element_in_an_array.go:61.35,63.4 1 18
github.com/qshuai/go-dsa/leetcode/215_kth_largest_element_in_an_array.go:64.3,64.38 1 16
github.com/qshuai/go-dsa/leetcode/215_kth_largest_element_in_an_array.go:67.2,67.10 1 10
github.com/qshuai/go-dsa/leetcode/21_merge_two_sorted_lists.go:16.116,17.18 1 3
github.com/qshuai/go-dsa/leetcode/21_merge_two_sorted_lists.go:17.18,19.3 1 2
github.com/qshuai/go-dsa/leetcode/21_merge_two_sorted_lists.go:20.2,20.18 1 1
github.com/qshuai/go-dsa/leetcode/21_merge_two_sorted_lists.go:20.18,22.3 1 0
github.com/qshuai/go-dsa/leetcode/21_merge_two_sorted_lists.go:25.2,27.35 3 1
github.com/qshuai/go-dsa/leetcode/21_merge_two_sorted_lists.go:27.35,28.33 1 5
github.com/qshuai/go-dsa/leetcode/21_merge_two_sorted_lists.go:28.33,31.4 2 3
github.com/qshuai/go-dsa/leetcode/21_merge_two_sorted_lists.go:31.9,34.4 2 2
github.com/qshuai/go-dsa/leetcode/21_merge_two_sorted_lists.go:36.3,36.23 1 5
github.com/qshuai/go-dsa/leetcode/21_merge_two_sorted_lists.go:38.2,38.18 1 1
github.com/qshuai/go-dsa/leetcode/21_merge_two_sorted_lists.go:38.18,40.3 1 0
github.com/qshuai/go-dsa/leetcode/21_merge_two_sorted_lists.go:41.2,41.18 1 1
github.com/qshuai/go-dsa/leetcode/21_merge_two_sorted_lists.go:41.18,43.3 1 1
github.com/qshuai/go-dsa/leetcode/21_merge_two_sorted_lists.go:45.2,45.17 1 1
github.com/qshuai/go-dsa/leetcode/221_maximal_square.go:13.41,14.22 1 3
github.com/qshuai/go-dsa/leetcode/221_maximal_square.go:14.22,16.3 1 0
github.com/qshuai/go-dsa/leetcode/221_maximal_square.go:19.2,21.35 3 3
github.com/qshuai/go-dsa/leetcode/221_maximal_square.go:21.35,23.39 2 7
github.com/qshuai/go-dsa/leetcode/221_maximal_square.go:23.39,24.27 1 25
github.com/qshuai/go-dsa/leetcode/221_maximal_square.go:24.27,26.13 2 10
github.com/qshuai/go-dsa/leetcode/221_maximal_square.go:28.4,28.24 1 15
github.com/qshuai/go-dsa/leetcode/221_maximal_square.go:28.24,30.23 2 7
github.com/qshuai/go-dsa/leetcode/221_maximal_square.go:30.23,32.6 1 2
github.com/qshuai/go-dsa/leetcode/221_maximal_square.go:34.5,34.13 1 7
github.com/qshuai/go-dsa/leetcode/221_maximal_square.go:38.4,39.28 2 8
github.com/qshuai/go-dsa/leetcode/221_maximal_square.go:39.28,41.5 1 1
github.com/qshuai/go-dsa/leetcode/221_maximal_square.go:45.2,45.30 1 3
github.com/qshuai/go-dsa/leetcode/221_maximal_square.go:48.33,49.11 1 8
github.com/qshuai/go-dsa/leetcode/221_maximal_square.go:49.11,50.12 1 2
github.com/qshuai/go-dsa/leetcode/221_maximal_square.go:50.12,52.4 1 2
github.com/qshuai/go-dsa/leetcode/221_maximal_square.go:52.9,54.4 1 0
github.com/qshuai/go-dsa/leetcode/221_maximal_square.go:57.2,57.11 1 6
github.com/qshuai/go-dsa/leetcode/221_maximal_square.go:57.11,59.3 1 3
github.com/qshuai/go-dsa/leetcode/221_maximal_square.go:61.2,61.10 1 3
github.com/qshuai/go-dsa/leetcode/22_generate_parentheses.go:12.42,17.2 3 2
github.com/qshuai/go-dsa/leetcode/22_generate_parentheses.go:19.77,20.21 1 11
github.com/qshuai/go-dsa/leetcode/22_generate_parentheses.go:20.21,21.17 1 6
github.com/qshuai/go-dsa/leetcode/22_generate_parentheses.go:21.17,24.4 2 3
github.com/qshuai/go-dsa/leetcode/22_generate_parentheses.go:26.3,27.9 2 3
github.com/qshuai/go-dsa/leetcode/22_generate_parentheses.go:30.2,30.16 1 5
github.com/qshuai/go-dsa/leetcode/22_generate_parentheses.go:30.16,33.3 2 4
github.com/qshuai/go-dsa/leetcode/22_generate_parentheses.go:35.2,36.53 2 1
github.com/qshuai/go-dsa/leetcode/236_lowest_common_ancestor_of_a_binary_tree.go:19.71,23.2 3 3
github.com/qshuai/go-dsa/leetcode/236_lowest_common_ancestor_of_a_binary_tree.go:25.59,26.17 1 43
github.com/qshuai/go-dsa/leetcode/236_lowest_common_ancestor_of_a_binary_tree.go:26.17,28.3 1 23
github.com/qshuai/go-dsa/leetcode/236_lowest_common_ancestor_of_a_binary_tree.go:30.2,32.108 3 20
github.com/qshuai/go-dsa/leetcode/236_lowest_common_ancestor_of_a_binary_tree.go:32.108,34.3 1 3
github.com/qshuai/go-dsa/leetcode/236_lowest_common_ancestor_of_a_binary_tree.go:36.2,36.87 1 20
github.com/qshuai/go-dsa/leetcode/236_lowest_common_ancestor_of_a_binary_tree.go:40.72,45.30 5 0
github.com/qshuai/go-dsa/leetcode/236_lowest_common_ancestor_of_a_binary_tree.go:45.30,47.3 1 0
github.com/qshuai/go-dsa/leetcode/236_lowest_common_ancestor_of_a_binary_tree.go:49.2,49.40 1 0
github.com/qshuai/go-dsa/leetcode/236_lowest_common_ancestor_of_a_binary_tree.go:49.40,50.34 1 0
github.com/qshuai/go-dsa/leetcode/236_lowest_common_ancestor_of_a_binary_tree.go:50.34,52.4 1 0
github.com/qshuai/go-dsa/leetcode/236_lowest_common_ancestor_of_a_binary_tree.go:55.2,55.12 1 0
github.com/qshuai/go-dsa/leetcode/236_lowest_common_ancestor_of_a_binary_tree.go:58.89,59.40 1 0
github.com/qshuai/go-dsa/leetcode/236_lowest_common_ancestor_of_a_binary_tree.go:59.40,61.3 1 0
github.com/qshuai/go-dsa/leetcode/236_lowest_common_ancestor_of_a_binary_tree.go:62.2,62.19 1 0
github.com/qshuai/go-dsa/leetcode/236_lowest_common_ancestor_of_a_binary_tree.go:62.19,64.3 1 0
github.com/qshuai/go-dsa/leetcode/236_lowest_common_ancestor_of_a_binary_tree.go:65.2,65.19 1 0
github.com/qshuai/go-dsa/leetcode/236_lowest_common_ancestor_of_a_binary_tree.go:65.19,67.3 1 0
github.com/qshuai/go-dsa/leetcode/236_lowest_common_ancestor_of_a_binary_tree.go:70.2,70.22 1 0
github.com/qshuai/go-dsa/leetcode/236_lowest_common_ancestor_of_a_binary_tree.go:70.22,74.3 3 0
github.com/qshuai/go-dsa/leetcode/236_lowest_common_ancestor_of_a_binary_tree.go:75.2,75.23 1 0
github.com/qshuai/go-dsa/leetcode/236_lowest_common_ancestor_of_a_binary_tree.go:75.23,79.3 3 0
github.com/qshuai/go-dsa/leetcode/24_swap_nodes_in_pairs.go:11.67,12.37 1 1
github.com/qshuai/go-dsa/leetcode/24_swap_nodes_in_pairs.go:12.37,14.3 1 0
github.com/qshuai/go-dsa/leetcode/24_swap_nodes_in_pairs.go:16.2,19.42 4 1
github.com/qshuai/go-dsa/leetcode/24_swap_nodes_in_pairs.go:19.42,22.18 3 2
github.com/qshuai/go-dsa/leetcode/24_swap_nodes_in_pairs.go:22.18,24.4 1 1
github.com/qshuai/go-dsa/leetcode/24_swap_nodes_in_pairs.go:24.9,27.4 2 1
github.com/qshuai/go-dsa/leetcode/24_swap_nodes_in_pairs.go:29.3,30.15 2 2
github.com/qshuai/go-dsa/leetcode/24_swap_nodes_in_pairs.go:33.2,33.13 1 1
github.com/qshuai/go-dsa/leetcode/274_h-index.go:11.34,13.33 2 2
github.com/qshuai/go-dsa/leetcode/274_h-index.go:13.33,14.29 1 8
github.com/qshuai/go-dsa/leetcode/274_h-index.go:14.29,16.12 2 3
github.com/qshuai/go-dsa/leetcode/274_h-index.go:19.3,19.18 1 5
github.com/qshuai/go-dsa/leetcode/274_h-index.go:22.2,23.41 2 2
github.com/qshuai/go-dsa/leetcode/274_h-index.go:23.41,25.20 2 6
github.com/qshuai/go-dsa/leetcode/274_h-index.go:25.20,27.4 1 2
github.com/qshuai/go-dsa/leetcode/274_h-index.go:30.2,30.10 1 0
github.com/qshuai/go-dsa/leetcode/2_add_two_numbers.go:15.108,21.6 5 3
github.com/qshuai/go-dsa/leetcode/2_add_two_numbers.go:21.6,22.29 1 14
github.com/qshuai/go-dsa/leetcode/2_add_two_numbers.go:22.29,29.4 4 3
github.com/qshuai/go-dsa/leetcode/2_add_two_numbers.go:29.9,29.36 1 11
github.com/qshuai/go-dsa/leetcode/2_add_two_numbers.go:29.36,36.4 4 0
github.com/qshuai/go-dsa/leetcode/2_add_two_numbers.go:36.9,36.36 1 11
github.com/qshuai/go-dsa/leetcode/2_add_two_numbers.go:36.36,44.4 5 8
github.com/qshuai/go-dsa/leetcode/2_add_two_numbers.go:44.9,45.18 1 3
github.com/qshuai/go-dsa/leetcode/2_add_two_numbers.go:45.18,47.5 1 1
github.com/qshuai/go-dsa/leetcode/2_add_two_numbers.go:47.10,49.5 1 2
github.com/qshuai/go-dsa/leetcode/2_add_two_numbers.go:51.4,51.9 1 3
github.com/qshuai/go-dsa/leetcode/2_add_two_numbers.go:54.3,59.29 5 11
github.com/qshuai/go-dsa/leetcode/2_add_two_numbers.go:59.29,61.4 1 8
github.com/qshuai/go-dsa/leetcode/2_add_two_numbers.go:64.2,64.13 1 3
github.com/qshuai/go-dsa/leetcode/300_longest_increasing_subsequence.go:11.34,12.20 1 4
github.com/qshuai/go-dsa/leetcode/300_longest_increasing_subsequence.go:12.20,14.3 1 0
github.com/qshuai/go-dsa/leetcode/300_longest_increasing_subsequence.go:17.2,20.33 4 4
github.com/qshuai/go-dsa/leetcode/300_longest_increasing_subsequence.go:20.33,22.26 2 27
github.com/qshuai/go-dsa/leetcode/300_longest_increasing_subsequence.go:22.26,23.25 1 113
github.com/qshuai/go-dsa/leetcode/300_longest_increasing_subsequence.go:23.25,25.5 1 67
github.com/qshuai/go-dsa/leetcode/300_longest_increasing_subsequence.go:28.3,28.20 1 27
github.com/qshuai/go-dsa/leetcode/300_longest_increasing_subsequence.go:31.2,31.10 1 4
github.com/qshuai/go-dsa/leetcode/300_longest_increasing_subsequence.go:35.35,36.20 1 4
github.com/qshuai/go-dsa/leetcode/300_longest_increasing_subsequence.go:36.20,38.3 1 0
github.com/qshuai/go-dsa/leetcode/300_longest_increasing_subsequence.go:40.2,43.33 4 4
github.com/qshuai/go-dsa/leetcode/300_longest_increasing_subsequence.go:43.33,44.26 1 27
github.com/qshuai/go-dsa/leetcode/300_longest_increasing_subsequence.go:44.26,48.4 2 11
github.com/qshuai/go-dsa/leetcode/300_longest_increasing_subsequence.go:48.9,48.33 1 16
github.com/qshuai/go-dsa/leetcode/300_longest_increasing_subsequence.go:48.33,52.21 2 11
github.com/qshuai/go-dsa/leetcode/300_longest_increasing_subsequence.go:52.21,54.25 2 21
github.com/qshuai/go-dsa/leetcode/300_longest_increasing_subsequence.go:54.25,56.6 1 9
github.com/qshuai/go-dsa/leetcode/300_longest_increasing_subsequence.go:56.11,58.6 1 12
github.com/qshuai/go-dsa/leetcode/300_longest_increasing_subsequence.go:61.4,61.22 1 11
github.com/qshuai/go-dsa/leetcode/300_longest_increasing_subsequence.go:65.2,65.19 1 4
github.com/qshuai/go-dsa/leetcode/315_count_of_smaller_numbers_after_self.go:12.37,13.20 1 3
github.com/qshuai/go-dsa/leetcode/315_count_of_smaller_numbers_after_self.go:13.20,15.3 1 0
github.com/qshuai/go-dsa/leetcode/315_count_of_smaller_numbers_after_self.go:17.2,18.27 2 3
github.com/qshuai/go-dsa/leetcode/315_count_of_smaller_numbers_after_self.go:18.27,25.3 2 7
github.com/qshuai/go-dsa/leetcode/315_count_of_smaller_numbers_after_self.go:27.2,28.13 2 3
github.com/qshuai/go-dsa/leetcode/315_count_of_smaller_numbers_after_self.go:31.60,32.18 1 11
github.com/qshuai/go-dsa/leetcode/315_count_of_smaller_numbers_after_self.go:32.18,34.3 1 7
github.com/qshuai/go-dsa/leetcode/315_count_of_smaller_numbers_after_self.go:36.2,39.34 4 4
github.com/qshuai/go-dsa/leetcode/315_count_of_smaller_numbers_after_self.go:42.61,45.27 3 4
github.com/qshuai/go-dsa/leetcode/315_count_of_smaller_numbers_after_self.go:45.27,46.29 1 6
github.com/qshuai/go-dsa/leetcode/315_count_of_smaller_numbers_after_self.go:46.29,49.4 2 2
github.com/qshuai/go-dsa/leetcode/315_count_of_smaller_numbers_after_self.go:49.9,53.4 3 4
github.com/qshuai/go-dsa/leetcode/315_count_of_smaller_numbers_after_self.go:55.2,55.15 1 4
github.com/qshuai/go-dsa/leetcode/315_count_of_smaller_numbers_after_self.go:55.15,58.3 2 1
github.com/qshuai/go-dsa/leetcode/315_count_of_smaller_numbers_after_self.go:59.2,59.15 1 4
github.com/qshuai/go-dsa/leetcode/315_count_of_smaller_numbers_after_self.go:59.15,62.3 2 3
github.com/qshuai/go-dsa/leetcode/315_count_of_smaller_numbers_after_self.go:64.2,64.32 1 4
github.com/qshuai/go-dsa/leetcode/315_count_of_smaller_numbers_after_self.go:64.32,67.3 2 10
github.com/qshuai/go-dsa/leetcode/31_next_permutation.go:13.34,15.38 1 3
github.com/qshuai/go-dsa/leetcode/31_next_permutation.go:15.38,16.38 1 7
github.com/qshuai/go-dsa/leetcode/31_next_permutation.go:16.38,17.25 1 5
github.com/qshuai/go-dsa/leetcode/31_next_permutation.go:17.25,23.5 3 2
github.com/qshuai/go-dsa/leetcode/31_next_permutation.go:28.2,28.17 1 1
github.com/qshuai/go-dsa/leetcode/322_coin_change.go:19.46,20.17 1 3
github.com/qshuai/go-dsa/leetcode/322_coin_change.go:20.17,22.3 1 1
github.com/qshuai/go-dsa/leetcode/322_coin_change.go:24.2,25.31 2 2
github.com/qshuai/go-dsa/leetcode/322_coin_change.go:25.31,27.35 2 14
github.com/qshuai/go-dsa/leetcode/322_coin_change.go:27.35,28.20 1 33
github.com/qshuai/go-dsa/leetcode/322_coin_change.go:28.20,29.13 1 3
github.com/qshuai/go-dsa/leetcode/322_coin_change.go:31.4,31.21 1 30
github.com/qshuai/go-dsa/leetcode/322_coin_change.go:31.21,33.10 2 4
github.com/qshuai/go-dsa/leetcode/322_coin_change.go:35.4,35.28 1 26
github.com/qshuai/go-dsa/leetcode/322_coin_change.go:35.28,36.13 1 1
github.com/qshuai/go-dsa/leetcode/322_coin_change.go:39.4,40.18 2 25
github.com/qshuai/go-dsa/leetcode/322_coin_change.go:40.18,42.5 1 14
github.com/qshuai/go-dsa/leetcode/322_coin_change.go:45.3,45.25 1 14
github.com/qshuai/go-dsa/leetcode/322_coin_change.go:45.25,47.4 1 2
github.com/qshuai/go-dsa/leetcode/322_coin_change.go:47.9,49.4 1 12
github.com/qshuai/go-dsa/leetcode/322_coin_change.go:52.2,52.19 1 2
github.com/qshuai/go-dsa/leetcode/33_search_in_rotated_sorted_array.go:12.55,13.20 1 6
github.com/qshuai/go-dsa/leetcode/33_search_in_rotated_sorted_array.go:13.20,15.3 1 0
github.com/qshuai/go-dsa/leetcode/33_search_in_rotated_sorted_array.go:17.2,19.19 3 6
github.com/qshuai/go-dsa/leetcode/33_search_in_rotated_sorted_array.go:19.19,21.26 2 14
github.com/qshuai/go-dsa/leetcode/33_search_in_rotated_sorted_array.go:21.26,23.4 1 4
github.com/qshuai/go-dsa/leetcode/33_search_in_rotated_sorted_array.go:25.3,25.28 1 10
github.com/qshuai/go-dsa/leetcode/33_search_in_rotated_sorted_array.go:25.28,27.49 1 5
github.com/qshuai/go-dsa/leetcode/33_search_in_rotated_sorted_array.go:27.49,29.13 2 2
github.com/qshuai/go-dsa/leetcode/33_search_in_rotated_sorted_array.go:32.4,32.17 1 3
github.com/qshuai/go-dsa/leetcode/33_search_in_rotated_sorted_array.go:33.9,35.51 1 5
github.com/qshuai/go-dsa/leetcode/33_search_in_rotated_sorted_array.go:35.51,37.13 2 0
github.com/qshuai/go-dsa/leetcode/33_search_in_rotated_sorted_array.go:40.4,40.19 1 5
github.com/qshuai/go-dsa/leetcode/33_search_in_rotated_sorted_array.go:44.2,44.11 1 2
github.com/qshuai/go-dsa/leetcode/33_search_in_rotated_sorted_array.go:48.56,49.20 1 0
github.com/qshuai/go-dsa/leetcode/33_search_in_rotated_sorted_array.go:49.20,51.3 1 0
github.com/qshuai/go-dsa/leetcode/33_search_in_rotated_sorted_array.go:53.2,55.19 3 0
github.com/qshuai/go-dsa/leetcode/33_search_in_rotated_sorted_array.go:55.19,57.25 2 0
github.com/qshuai/go-dsa/leetcode/33_search_in_rotated_sorted_array.go:57.25,58.28 1 0
github.com/qshuai/go-dsa/leetcode/33_search_in_rotated_sorted_array.go:58.28,59.32 1 0
github.com/qshuai/go-dsa/leetcode/33_search_in_rotated_sorted_array.go:59.32,61.6 1 0
github.com/qshuai/go-dsa/leetcode/33_search_in_rotated_sorted_array.go:61.11,61.39 1 0
github.com/qshuai/go-dsa/leetcode/33_search_in_rotated_sorted_array.go:61.40,63.6 0 0
github.com/qshuai/go-dsa/leetcode/33_search_in_rotated_sorted_array.go:63.11,65.6 1 0
github.com/qshuai/go-dsa/leetcode/33_search_in_rotated_sorted_array.go:66.10,66.35 1 0
github.com/qshuai/go-dsa/leetcode/33_search_in_rotated_sorted_array.go:66.35,67.33 1 0
github.com/qshuai/go-dsa/leetcode/33_search_in_rotated_sorted_array.go:67.33,69.6 1 0
github.com/qshuai/go-dsa/leetcode/33_search_in_rotated_sorted_array.go:69.11,69.39 1 0
github.com/qshuai/go-dsa/leetcode/33_search_in_rotated_sorted_array.go:69.39,71.6 1 0
github.com/qshuai/go-dsa/leetcode/33_search_in_rotated_sorted_array.go:72.10,74.5 1 0
github.com/qshuai/go-dsa/leetcode/33_search_in_rotated_sorted_array.go:75.9,75.32 1 0
github.com/qshuai/go-dsa/leetcode/33_search_in_rotated_sorted_array.go:75.32,76.28 1 0
github.com/qshuai/go-dsa/leetcode/33_search_in_rotated_sorted_array.go:76.28,77.33 1 0
github.com/qshuai/go-dsa/leetcode/33_search_in_rotated_sorted_array.go:77.33,79.6 1 0
github.com/qshuai/go-dsa/leetcode/33_search_in_rotated_sorted_array.go:79.11,79.39 1 0
github.com/qshuai/go-dsa/leetcode/33_search_in_rotated_sorted_array.go:79.39,81.6 1 0
github.com/qshuai/go-dsa/leetcode/33_search_in_rotated_sorted_array.go:82.10,82.35 1 0
github.com/qshuai/go-dsa/leetcode/33_search_in_rotated_sorted_array.go:82.35,83.32 1 0
github.com/qshuai/go-dsa/leetcode/33_search_in_rotated_sorted_array.go:83.33,85.6 0 0
github.com/qshuai/go-dsa/leetcode/33_search_in_rotated_sorted_array.go:85.11,85.40 1 0
github.com/qshuai/go-dsa/leetcode/33_search_in_rotated_sorted_array.go:85.40,87.6 1 0
github.com/qshuai/go-dsa/leetcode/33_search_in_rotated_sorted_array.go:88.10,90.5 1 0
github.com/qshuai/go-dsa/leetcode/33_search_in_rotated_sorted_array.go:91.9,93.4 1 0
github.com/qshuai/go-dsa/leetcode/33_search_in_rotated_sorted_array.go:96.2,96.11 1 0
github.com/qshuai/go-dsa/leetcode/39_combination_sum.go:10.59,15.2 4 3
github.com/qshuai/go-dsa/leetcode/39_combination_sum.go:17.77,18.41 1 96
github.com/qshuai/go-dsa/leetcode/39_combination_sum.go:18.41,20.3 1 63
github.com/qshuai/go-dsa/leetcode/39_combination_sum.go:21.2,21.17 1 33
github.com/qshuai/go-dsa/leetcode/39_combination_sum.go:21.17,25.3 3 9
github.com/qshuai/go-dsa/leetcode/39_combination_sum.go:27.2,27.41 1 33
github.com/qshuai/go-dsa/leetcode/39_combination_sum.go:27.41,31.3 3 93
github.com/qshuai/go-dsa/leetcode/3_longest_substring_without_repeating_character.go:7.45,12.21 4 3
github.com/qshuai/go-dsa/leetcode/3_longest_substring_without_repeating_character.go:12.21,16.31 3 19
github.com/qshuai/go-dsa/leetcode/3_longest_substring_without_repeating_character.go:16.31,18.4 1 14
github.com/qshuai/go-dsa/leetcode/3_longest_substring_without_repeating_character.go:20.3,21.14 2 19
github.com/qshuai/go-dsa/leetcode/3_longest_substring_without_repeating_character.go:21.14,23.4 1 7
github.com/qshuai/go-dsa/leetcode/3_longest_substring_without_repeating_character.go:24.3,24.10 1 19
github.com/qshuai/go-dsa/leetcode/3_longest_substring_without_repeating_character.go:27.2,27.12 1 3
github.com/qshuai/go-dsa/leetcode/401_binary_watch.go:13.45,14.35 1 2
github.com/qshuai/go-dsa/leetcode/401_binary_watch.go:14.35,16.3 1 0
github.com/qshuai/go-dsa/leetcode/401_binary_watch.go:17.2,17.19 1 2
github.com/qshuai/go-dsa/leetcode/401_binary_watch.go:17.19,19.3 1 0
github.com/qshuai/go-dsa/leetcode/401_binary_watch.go:21.2,22.35 2 2
github.com/qshuai/go-dsa/leetcode/401_binary_watch.go:22.35,23.42 1 24
github.com/qshuai/go-dsa/leetcode/401_binary_watch.go:23.42,24.91 1 1440
github.com/qshuai/go-dsa/leetcode/401_binary_watch.go:24.91,25.20 1 54
github.com/qshuai/go-dsa/leetcode/401_binary_watch.go:25.20,27.6 1 33
github.com/qshuai/go-dsa/leetcode/401_binary_watch.go:27.11,29.6 1 21
github.com/qshuai/go-dsa/leetcode/401_binary_watch.go:34.2,34.12 1 2
github.com/qshuai/go-dsa/leetcode/438_find_all_anagrams_in_a_string.go:13.45,14.21 1 3
github.com/qshuai/go-dsa/leetcode/438_find_all_anagrams_in_a_string.go:14.21,16.3 1 0
github.com/qshuai/go-dsa/leetcode/438_find_all_anagrams_in_a_string.go:18.2,21.30 4 3
github.com/qshuai/go-dsa/leetcode/438_find_all_anagrams_in_a_string.go:21.30,24.3 2 7
github.com/qshuai/go-dsa/leetcode/438_find_all_anagrams_in_a_string.go:26.2,27.38 2 3
github.com/qshuai/go-dsa/leetcode/438_find_all_anagrams_in_a_string.go:27.38,28.23 1 13
github.com/qshuai/go-dsa/leetcode/438_find_all_anagrams_in_a_string.go:28.23,30.4 1 6
github.com/qshuai/go-dsa/leetcode/438_find_all_anagrams_in_a_string.go:32.3,33.24 2 13
github.com/qshuai/go-dsa/leetcode/438_find_all_anagrams_in_a_string.go:33.24,35.4 1 10
github.com/qshuai/go-dsa/leetcode/438_find_all_anagrams_in_a_string.go:38.2,38.12 1 3
github.com/qshuai/go-dsa/leetcode/46_permutations.go:11.34,13.33 2 1
github.com/qshuai/go-dsa/leetcode/46_permutations.go:13.33,15.3 1 2
github.com/qshuai/go-dsa/leetcode/46_permutations.go:17.2,22.18 5 1
github.com/qshuai/go-dsa/leetcode/46_permutations.go:27.82,28.24 1 16
github.com/qshuai/go-dsa/leetcode/46_permutations.go:28.24,33.3 4 6
github.com/qshuai/go-dsa/leetcode/46_permutations.go:35.2,35.24 1 10
github.com/qshuai/go-dsa/leetcode/46_permutations.go:35.24,36.19 1 30
github.com/qshuai/go-dsa/leetcode/46_permutations.go:36.19,37.12 1 15
github.com/qshuai/go-dsa/leetcode/46_permutations.go:41.3,47.23 5 15
github.com/qshuai/go-dsa/leetcode/46_permutations.go:53.35,55.33 2 1
github.com/qshuai/go-dsa/leetcode/46_permutations.go:55.33,57.3 1 2
github.com/qshuai/go-dsa/leetcode/46_permutations.go:59.2,61.18 3 1
github.com/qshuai/go-dsa/leetcode/46_permutations.go:64.62,65.12 1 16
github.com/qshuai/go-dsa/leetcode/46_permutations.go:65.12,67.3 1 6
github.com/qshuai/go-dsa/leetcode/46_permutations.go:69.2,69.25 1 16
github.com/qshuai/go-dsa/leetcode/46_permutations.go:69.25,73.3 3 15
github.com/qshuai/go-dsa/leetcode/47_permutations_ii.go:11.40,17.2 5 2
github.com/qshuai/go-dsa/leetcode/47_permutations_ii.go:19.90,20.24 1 25
github.com/qshuai/go-dsa/leetcode/47_permutations_ii.go:20.24,25.3 4 9
github.com/qshuai/go-dsa/leetcode/47_permutations_ii.go:27.2,27.33 1 16
github.com/qshuai/go-dsa/leetcode/47_permutations_ii.go:27.33,29.17 1 48
github.com/qshuai/go-dsa/leetcode/47_permutations_ii.go:29.17,30.12 1 23
github.com/qshuai/go-dsa/leetcode/47_permutations_ii.go:33.3,33.53 1 25
github.com/qshuai/go-dsa/leetcode/47_permutations_ii.go:33.53,34.12 1 2
github.com/qshuai/go-dsa/leetcode/47_permutations_ii.go:37.3,41.21 5 23
github.com/qshuai/go-dsa/leetcode/48_rotate_image.go:14.35,15.23 1 2
github.com/qshuai/go-dsa/leetcode/48_rotate_image.go:15.23,17.3 1 0
github.com/qshuai/go-dsa/leetcode/48_rotate_image.go:20.2,21.12 2 2
github.com/qshuai/go-dsa/leetcode/48_rotate_image.go:21.12,22.39 1 3
github.com/qshuai/go-dsa/leetcode/48_rotate_image.go:22.39,24.4 1 11
github.com/qshuai/go-dsa/leetcode/48_rotate_image.go:25.3,26.6 2 3
github.com/qshuai/go-dsa/leetcode/48_rotate_image.go:30.2,30.37 1 2
github.com/qshuai/go-dsa/leetcode/48_rotate_image.go:30.37,31.43 1 5
github.com/qshuai/go-dsa/leetcode/48_rotate_image.go:31.43,33.4 1 9
github.com/qshuai/go-dsa/leetcode/506_relative_ranks.go:18.46,20.29 2 2
github.com/qshuai/go-dsa/leetcode/506_relative_ranks.go:20.29,23.3 2 10
github.com/qshuai/go-dsa/leetcode/506_relative_ranks.go:25.2,25.47 1 2
github.com/qshuai/go-dsa/leetcode/506_relative_ranks.go:25.47,27.3 1 12
github.com/qshuai/go-dsa/leetcode/506_relative_ranks.go:29.2,31.38 3 2
github.com/qshuai/go-dsa/leetcode/506_relative_ranks.go:31.38,32.23 1 10
github.com/qshuai/go-dsa/leetcode/506_relative_ranks.go:32.23,34.12 2 6
github.com/qshuai/go-dsa/leetcode/506_relative_ranks.go:37.3,37.39 1 4
github.com/qshuai/go-dsa/leetcode/506_relative_ranks.go:40.2,40.12 1 2
github.com/qshuai/go-dsa/leetcode/509_fibonacci_number.go:6.21,7.12 1 16
github.com/qshuai/go-dsa/leetcode/509_fibonacci_number.go:7.12,9.3 1 10
github.com/qshuai/go-dsa/leetcode/509_fibonacci_number.go:11.2,11.28 1 6
github.com/qshuai/go-dsa/leetcode/509_fibonacci_number.go:15.25,16.12 1 4
github.com/qshuai/go-dsa/leetcode/509_fibonacci_number.go:16.12,18.3 1 2
github.com/qshuai/go-dsa/leetcode/509_fibonacci_number.go:20.2,21.26 2 2
github.com/qshuai/go-dsa/leetcode/509_fibonacci_number.go:21.26,23.3 1 5
github.com/qshuai/go-dsa/leetcode/509_fibonacci_number.go:25.2,25.12 1 2
github.com/qshuai/go-dsa/leetcode/51_n-queens.go:12.37,17.25 4 2
github.com/qshuai/go-dsa/leetcode/51_n-queens.go:17.25,19.3 1 5
github.com/qshuai/go-dsa/leetcode/51_n-queens.go:21.2,22.18 2 2
github.com/qshuai/go-dsa/leetcode/51_n-queens.go:25.76,26.14 1 19
github.com/qshuai/go-dsa/leetcode/51_n-queens.go:26.14,28.33 2 3
github.com/qshuai/go-dsa/leetcode/51_n-queens.go:28.33,33.4 4 9
github.com/qshuai/go-dsa/leetcode/51_n-queens.go:34.3,36.9 2 3
github.com/qshuai/go-dsa/leetcode/51_n-queens.go:39.2,39.26 1 16
github.com/qshuai/go-dsa/leetcode/51_n-queens.go:39.26,41.42 1 61
github.com/qshuai/go-dsa/leetcode/51_n-queens.go:41.42,42.12 1 44
github.com/qshuai/go-dsa/leetcode/51_n-queens.go:45.3,47.17 3 17
github.com/qshuai/go-dsa/leetcode/51_n-queens.go:51.48,52.14 1 62
github.com/qshuai/go-dsa/leetcode/51_n-queens.go:52.14,54.3 1 5
github.com/qshuai/go-dsa/leetcode/51_n-queens.go:56.2,56.26 1 57
github.com/qshuai/go-dsa/leetcode/51_n-queens.go:56.26,57.18 1 99
github.com/qshuai/go-dsa/leetcode/51_n-queens.go:57.18,58.9 1 13
github.com/qshuai/go-dsa/leetcode/51_n-queens.go:61.3,61.20 1 86
github.com/qshuai/go-dsa/leetcode/51_n-queens.go:61.20,63.4 1 20
github.com/qshuai/go-dsa/leetcode/51_n-queens.go:65.3,65.57 1 66
github.com/qshuai/go-dsa/leetcode/51_n-queens.go:65.57,67.4 1 24
github.com/qshuai/go-dsa/leetcode/51_n-queens.go:70.2,70.13 1 13
github.com/qshuai/go-dsa/leetcode/53_maximum_subarray.go:7.34,9.33 2 3
github.com/qshuai/go-dsa/leetcode/53_maximum_subarray.go:9.33,11.19 2 12
github.com/qshuai/go-dsa/leetcode/53_maximum_subarray.go:11.19,13.4 1 7
github.com/qshuai/go-dsa/leetcode/53_maximum_subarray.go:16.2,16.12 1 3
github.com/qshuai/go-dsa/leetcode/54_spiral_matrix.go:12.40,13.22 1 2
github.com/qshuai/go-dsa/leetcode/54_spiral_matrix.go:13.22,15.3 1 0
github.com/qshuai/go-dsa/leetcode/54_spiral_matrix.go:17.2,19.37 3 2
github.com/qshuai/go-dsa/leetcode/54_spiral_matrix.go:19.37,21.34 1 4
github.com/qshuai/go-dsa/leetcode/54_spiral_matrix.go:21.34,23.4 1 10
github.com/qshuai/go-dsa/leetcode/54_spiral_matrix.go:24.3,27.34 2 4
github.com/qshuai/go-dsa/leetcode/54_spiral_matrix.go:27.34,29.4 1 4
github.com/qshuai/go-dsa/leetcode/54_spiral_matrix.go:30.3,33.35 2 4
github.com/qshuai/go-dsa/leetcode/54_spiral_matrix.go:33.35,34.9 1 2
github.com/qshuai/go-dsa/leetcode/54_spiral_matrix.go:38.3,38.34 1 2
github.com/qshuai/go-dsa/leetcode/54_spiral_matrix.go:38.34,40.4 1 5
github.com/qshuai/go-dsa/leetcode/54_spiral_matrix.go:41.3,44.34 2 2
github.com/qshuai/go-dsa/leetcode/54_spiral_matrix.go:44.34,46.4 1 2
github.com/qshuai/go-dsa/leetcode/54_spiral_matrix.go:47.3,47.9 1 2
github.com/qshuai/go-dsa/leetcode/54_spiral_matrix.go:50.2,50.12 1 2
github.com/qshuai/go-dsa/leetcode/561_array_partition_i.go:11.35,13.27 2 2
github.com/qshuai/go-dsa/leetcode/561_array_partition_i.go:13.27,14.16 1 10
github.com/qshuai/go-dsa/leetcode/561_array_partition_i.go:14.16,16.4 1 2
github.com/qshuai/go-dsa/leetcode/561_array_partition_i.go:17.3,17.16 1 10
github.com/qshuai/go-dsa/leetcode/561_array_partition_i.go:17.16,19.4 1 1
github.com/qshuai/go-dsa/leetcode/561_array_partition_i.go:22.2,23.27 2 2
github.com/qshuai/go-dsa/leetcode/561_array_partition_i.go:23.27,25.3 1 10
github.com/qshuai/go-dsa/leetcode/561_array_partition_i.go:27.2,30.33 4 2
github.com/qshuai/go-dsa/leetcode/561_array_partition_i.go:30.33,31.16 1 10
github.com/qshuai/go-dsa/leetcode/561_array_partition_i.go:31.16,32.12 1 2
github.com/qshuai/go-dsa/leetcode/561_array_partition_i.go:35.3,36.13 2 8
github.com/qshuai/go-dsa/leetcode/561_array_partition_i.go:36.13,40.17 3 4
github.com/qshuai/go-dsa/leetcode/561_array_partition_i.go:40.17,41.13 1 3
github.com/qshuai/go-dsa/leetcode/561_array_partition_i.go:45.3,49.17 4 5
github.com/qshuai/go-dsa/leetcode/561_array_partition_i.go:49.17,52.4 2 4
github.com/qshuai/go-dsa/leetcode/561_array_partition_i.go:55.2,55.12 1 2
github.com/qshuai/go-dsa/leetcode/593_valid_square.go:17.63,30.2 9 3
github.com/qshuai/go-dsa/leetcode/593_valid_square.go:32.47,37.2 3 18
github.com/qshuai/go-dsa/leetcode/5_longest_palindromic_substring.go:10.41,11.17 1 5
github.com/qshuai/go-dsa/leetcode/5_longest_palindromic_substring.go:11.17,13.3 1 1
github.com/qshuai/go-dsa/leetcode/5_longest_palindromic_substring.go:16.2,17.31 2 4
github.com/qshuai/go-dsa/leetcode/5_longest_palindromic_substring.go:17.31,19.3 1 14
github.com/qshuai/go-dsa/leetcode/5_longest_palindromic_substring.go:21.2,23.30 3 4
github.com/qshuai/go-dsa/leetcode/5_longest_palindromic_substring.go:23.30,24.26 1 10
github.com/qshuai/go-dsa/leetcode/5_longest_palindromic_substring.go:24.26,30.34 2 20
github.com/qshuai/go-dsa/leetcode/5_longest_palindromic_substring.go:30.34,33.5 2 4
github.com/qshuai/go-dsa/leetcode/5_longest_palindromic_substring.go:37.2,37.32 1 4
github.com/qshuai/go-dsa/leetcode/60_permutation_sequence.go:15.42,18.25 3 3
github.com/qshuai/go-dsa/leetcode/60_permutation_sequence.go:18.25,20.3 1 7
github.com/qshuai/go-dsa/leetcode/60_permutation_sequence.go:22.2,26.34 5 3
github.com/qshuai/go-dsa/leetcode/60_permutation_sequence.go:26.34,30.26 3 10
github.com/qshuai/go-dsa/leetcode/60_permutation_sequence.go:30.26,31.18 1 22
github.com/qshuai/go-dsa/leetcode/60_permutation_sequence.go:31.18,33.13 1 8
github.com/qshuai/go-dsa/leetcode/60_permutation_sequence.go:36.4,37.21 2 14
github.com/qshuai/go-dsa/leetcode/60_permutation_sequence.go:37.21,40.10 2 10
github.com/qshuai/go-dsa/leetcode/60_permutation_sequence.go:43.3,46.37 3 10
github.com/qshuai/go-dsa/leetcode/60_permutation_sequence.go:49.2,49.20 1 3
github.com/qshuai/go-dsa/leetcode/62_unique_paths.go:14.36,17.22 2 2
github.com/qshuai/go-dsa/leetcode/62_unique_paths.go:17.22,21.15 2 6
github.com/qshuai/go-dsa/leetcode/62_unique_paths.go:21.15,22.27 1 2
github.com/qshuai/go-dsa/leetcode/62_unique_paths.go:22.27,24.5 1 9
github.com/qshuai/go-dsa/leetcode/62_unique_paths.go:28.3,28.17 1 6
github.com/qshuai/go-dsa/leetcode/62_unique_paths.go:31.2,31.25 1 2
github.com/qshuai/go-dsa/leetcode/62_unique_paths.go:31.25,32.26 1 4
github.com/qshuai/go-dsa/leetcode/62_unique_paths.go:32.26,34.4 1 14
github.com/qshuai/go-dsa/leetcode/62_unique_paths.go:37.2,37.21 1 2
github.com/qshuai/go-dsa/leetcode/64_minimum_path_sum.go:19.35,22.33 2 2
github.com/qshuai/go-dsa/leetcode/64_minimum_path_sum.go:22.33,24.37 2 5
github.com/qshuai/go-dsa/leetcode/64_minimum_path_sum.go:24.37,25.24 1 15
github.com/qshuai/go-dsa/leetcode/64_minimum_path_sum.go:25.24,27.5 1 2
github.com/qshuai/go-dsa/leetcode/64_minimum_path_sum.go:27.10,27.21 1 13
github.com/qshuai/go-dsa/leetcode/64_minimum_path_sum.go:27.21,29.5 1 4
github.com/qshuai/go-dsa/leetcode/64_minimum_path_sum.go:29.10,29.21 1 9
github.com/qshuai/go-dsa/leetcode/64_minimum_path_sum.go:29.21,31.5 1 3
github.com/qshuai/go-dsa/leetcode/64_minimum_path_sum.go:31.10,33.5 1 6
github.com/qshuai/go-dsa/leetcode/64_minimum_path_sum.go:37.2,37.40 1 2
github.com/qshuai/go-dsa/leetcode/64_minimum_path_sum.go:41.36,45.2 3 0
github.com/qshuai/go-dsa/leetcode/64_minimum_path_sum.go:47.57,48.19 1 0
github.com/qshuai/go-dsa/leetcode/64_minimum_path_sum.go:48.19,51.3 1 0
github.com/qshuai/go-dsa/leetcode/64_minimum_path_sum.go:53.2,53.45 1 0
github.com/qshuai/go-dsa/leetcode/64_minimum_path_sum.go:53.45,55.19 1 0
github.com/qshuai/go-dsa/leetcode/64_minimum_path_sum.go:55.19,57.4 1 0
github.com/qshuai/go-dsa/leetcode/64_minimum_path_sum.go:58.3,58.9 1 0
github.com/qshuai/go-dsa/leetcode/64_minimum_path_sum.go:62.2,62.21 1 0
github.com/qshuai/go-dsa/leetcode/64_minimum_path_sum.go:62.21,66.3 3 0
github.com/qshuai/go-dsa/leetcode/64_minimum_path_sum.go:69.2,69.24 1 0
github.com/qshuai/go-dsa/leetcode/64_minimum_path_sum.go:69.24,73.3 3 0
github.com/qshuai/go-dsa/leetcode/662_maximum_width_of_binary_tree.go:22.50,34.21 5 1
github.com/qshuai/go-dsa/leetcode/662_maximum_width_of_binary_tree.go:34.21,38.16 4 4
github.com/qshuai/go-dsa/leetcode/662_maximum_width_of_binary_tree.go:38.16,40.4 1 4
github.com/qshuai/go-dsa/leetcode/662_maximum_width_of_binary_tree.go:42.3,43.31 2 4
github.com/qshuai/go-dsa/leetcode/662_maximum_width_of_binary_tree.go:43.31,48.24 4 7
github.com/qshuai/go-dsa/leetcode/662_maximum_width_of_binary_tree.go:48.24,50.5 1 4
github.com/qshuai/go-dsa/leetcode/662_maximum_width_of_binary_tree.go:51.4,51.25 1 7
github.com/qshuai/go-dsa/leetcode/662_maximum_width_of_binary_tree.go:51.25,53.5 1 2
github.com/qshuai/go-dsa/leetcode/662_maximum_width_of_binary_tree.go:57.2,57.12 1 1
github.com/qshuai/go-dsa/leetcode/70_climbing_stairs.go:10.29,11.11 1 0
github.com/qshuai/go-dsa/leetcode/70_climbing_stairs.go:11.11,13.3 1 0
github.com/qshuai/go-dsa/leetcode/70_climbing_stairs.go:15.2,18.31 4 0
github.com/qshuai/go-dsa/leetcode/70_climbing_stairs.go:18.31,21.3 1 0
github.com/qshuai/go-dsa/leetcode/70_climbing_stairs.go:23.2,23.16 1 0
github.com/qshuai/go-dsa/leetcode/718_maximum_length_of_repeated_subarray.go:11.47,16.39 4 2
github.com/qshuai/go-dsa/leetcode/718_maximum_length_of_repeated_subarray.go:16.39,18.40 2 10
github.com/qshuai/go-dsa/leetcode/718_maximum_length_of_repeated_subarray.go:18.40,19.28 1 50
github.com/qshuai/go-dsa/leetcode/718_maximum_length_of_repeated_subarray.go:19.28,21.23 2 30
github.com/qshuai/go-dsa/leetcode/718_maximum_length_of_repeated_subarray.go:21.23,23.6 1 8
github.com/qshuai/go-dsa/leetcode/718_maximum_length_of_repeated_subarray.go:24.10,26.5 1 20
github.com/qshuai/go-dsa/leetcode/718_maximum_length_of_repeated_subarray.go:30.2,30.12 1 2
github.com/qshuai/go-dsa/leetcode/72_edit_distance.go:16.50,21.22 2 2
github.com/qshuai/go-dsa/leetcode/72_edit_distance.go:21.22,23.3 1 16
github.com/qshuai/go-dsa/leetcode/72_edit_distance.go:25.2,28.35 2 2
github.com/qshuai/go-dsa/leetcode/72_edit_distance.go:28.35,30.3 1 12
github.com/qshuai/go-dsa/leetcode/72_edit_distance.go:33.2,33.35 1 2
github.com/qshuai/go-dsa/leetcode/72_edit_distance.go:33.35,35.3 1 14
github.com/qshuai/go-dsa/leetcode/72_edit_distance.go:37.2,37.35 1 2
github.com/qshuai/go-dsa/leetcode/72_edit_distance.go:37.35,38.36 1 14
github.com/qshuai/go-dsa/leetcode/72_edit_distance.go:38.36,40.32 1 96
github.com/qshuai/go-dsa/leetcode/72_edit_distance.go:40.32,42.5 1 13
github.com/qshuai/go-dsa/leetcode/72_edit_distance.go:42.10,47.5 1 83
github.com/qshuai/go-dsa/leetcode/72_edit_distance.go:51.2,51.35 1 2
github.com/qshuai/go-dsa/leetcode/744_find_smallest_letter_greater_than_target.go:14.59,17.19 3 4
github.com/qshuai/go-dsa/leetcode/744_find_smallest_letter_greater_than_target.go:17.19,19.29 2 8
github.com/qshuai/go-dsa/leetcode/744_find_smallest_letter_greater_than_target.go:19.29,21.4 1 4
github.com/qshuai/go-dsa/leetcode/744_find_smallest_letter_greater_than_target.go:21.9,23.4 1 4
github.com/qshuai/go-dsa/leetcode/744_find_smallest_letter_greater_than_target.go:26.2,26.27 1 4
github.com/qshuai/go-dsa/leetcode/744_find_smallest_letter_greater_than_target.go:26.27,29.3 1 1
github.com/qshuai/go-dsa/leetcode/744_find_smallest_letter_greater_than_target.go:30.2,30.23 1 4
github.com/qshuai/go-dsa/leetcode/75_sort_colors.go:11.29,12.20 1 2
github.com/qshuai/go-dsa/leetcode/75_sort_colors.go:12.20,14.3 1 0
github.com/qshuai/go-dsa/leetcode/75_sort_colors.go:16.2,19.33 4 2
github.com/qshuai/go-dsa/leetcode/75_sort_colors.go:19.33,20.18 1 9
github.com/qshuai/go-dsa/leetcode/75_sort_colors.go:21.10,22.24 1 3
github.com/qshuai/go-dsa/leetcode/75_sort_colors.go:23.10,24.28 1 3
github.com/qshuai/go-dsa/leetcode/75_sort_colors.go:25.10,26.26 1 3
github.com/qshuai/go-dsa/leetcode/75_sort_colors.go:29.2,32.30 4 2
github.com/qshuai/go-dsa/leetcode/784_letter_case_permutation.go:20.47,25.2 4 2
github.com/qshuai/go-dsa/leetcode/784_letter_case_permutation.go:28.60,29.23 1 19
github.com/qshuai/go-dsa/leetcode/784_letter_case_permutation.go:29.23,33.3 2 6
github.com/qshuai/go-dsa/leetcode/784_letter_case_permutation.go:35.2,35.56 1 13
github.com/qshuai/go-dsa/leetcode/784_letter_case_permutation.go:35.56,39.3 2 9
github.com/qshuai/go-dsa/leetcode/784_letter_case_permutation.go:42.2,46.29 3 4
github.com/qshuai/go-dsa/leetcode/784_letter_case_permutation.go:46.29,48.3 1 4
github.com/qshuai/go-dsa/leetcode/784_letter_case_permutation.go:48.8,50.3 1 0
github.com/qshuai/go-dsa/leetcode/784_letter_case_permutation.go:51.2,53.21 2 4
github.com/qshuai/go-dsa/leetcode/78_subsets.go:12.34,16.2 3 2
github.com/qshuai/go-dsa/leetcode/78_subsets.go:18.70,19.22 1 18
github.com/qshuai/go-dsa/leetcode/78_subsets.go:19.22,24.3 4 10
github.com/qshuai/go-dsa/leetcode/78_subsets.go:27.2,32.29 4 8
github.com/qshuai/go-dsa/leetcode/82_remove_duplicates_from_sorted_list_ii.go:16.81,17.37 1 3
github.com/qshuai/go-dsa/leetcode/82_remove_duplicates_from_sorted_list_ii.go:17.37,19.3 1 0
github.com/qshuai/go-dsa/leetcode/82_remove_duplicates_from_sorted_list_ii.go:21.2,25.20 5 3
github.com/qshuai/go-dsa/leetcode/82_remove_duplicates_from_sorted_list_ii.go:25.20,26.48 1 16
github.com/qshuai/go-dsa/leetcode/82_remove_duplicates_from_sorted_list_ii.go:26.49,28.4 0 6
github.com/qshuai/go-dsa/leetcode/82_remove_duplicates_from_sorted_list_ii.go:28.9,28.69 1 10
github.com/qshuai/go-dsa/leetcode/82_remove_duplicates_from_sorted_list_ii.go:28.69,30.4 1 4
github.com/qshuai/go-dsa/leetcode/82_remove_duplicates_from_sorted_list_ii.go:30.9,35.4 3 6
github.com/qshuai/go-dsa/leetcode/82_remove_duplicates_from_sorted_list_ii.go:37.3,37.23 1 16
github.com/qshuai/go-dsa/leetcode/82_remove_duplicates_from_sorted_list_ii.go:40.2,40.18 1 3
github.com/qshuai/go-dsa/leetcode/92_reverse_linked_list_ii.go:17.93,18.19 1 2
github.com/qshuai/go-dsa/leetcode/92_reverse_linked_list_ii.go:18.19,20.3 1 1
github.com/qshuai/go-dsa/leetcode/92_reverse_linked_list_ii.go:22.2,27.16 6 1
github.com/qshuai/go-dsa/leetcode/92_reverse_linked_list_ii.go:27.16,31.3 3 1
github.com/qshuai/go-dsa/leetcode/92_reverse_linked_list_ii.go:33.2,39.17 6 1
github.com/qshuai/go-dsa/leetcode/92_reverse_linked_list_ii.go:39.17,46.3 5 1
github.com/qshuai/go-dsa/leetcode/92_reverse_linked_list_ii.go:48.2,53.18 5 1
github.com/qshuai/go-dsa/leetcode/93_restore_ip_addresses.go:17.44,22.2 3 3
github.com/qshuai/go-dsa/leetcode/93_restore_ip_addresses.go:24.56,27.61 3 254
github.com/qshuai/go-dsa/leetcode/93_restore_ip_addresses.go:27.61,28.44 1 271
github.com/qshuai/go-dsa/leetcode/93_restore_ip_addresses.go:28.44,29.9 1 20
github.com/qshuai/go-dsa/leetcode/93_restore_ip_addresses.go:33.3,34.54 2 251
github.com/qshuai/go-dsa/leetcode/93_restore_ip_addresses.go:34.54,37.4 1 8
github.com/qshuai/go-dsa/leetcode/93_restore_ip_addresses.go:40.3,44.34 3 251
github.com/qshuai/go-dsa/leetcode/93_restore_ip_addresses.go:44.34,45.9 1 152
github.com/qshuai/go-dsa/leetcode/93_restore_ip_addresses.go:50.38,51.35 1 271
github.com/qshuai/go-dsa/leetcode/93_restore_ip_addresses.go:51.35,53.3 1 0
github.com/qshuai/go-dsa/leetcode/93_restore_ip_addresses.go:54.2,54.19 1 271
github.com/qshuai/go-dsa/leetcode/93_restore_ip_addresses.go:54.19,56.3 1 199
github.com/qshuai/go-dsa/leetcode/93_restore_ip_addresses.go:58.2,58.19 1 72
github.com/qshuai/go-dsa/leetcode/93_restore_ip_addresses.go:58.19,61.3 1 7
github.com/qshuai/go-dsa/leetcode/93_restore_ip_addresses.go:63.2,65.16 3 65
github.com/qshuai/go-dsa/leetcode/93_restore_ip_addresses.go:65.16,66.13 1 0
github.com/qshuai/go-dsa/leetcode/93_restore_ip_addresses.go:69.2,69.28 1 65
github.com/qshuai/go-dsa/leetcode/967_numbers_with_same_consecutive_differences.go:13.45,18.30 5 3
github.com/qshuai/go-dsa/leetcode/967_numbers_with_same_consecutive_differences.go:18.30,20.3 1 4
github.com/qshuai/go-dsa/leetcode/967_numbers_with_same_consecutive_differences.go:22.2,22.26 1 3
github.com/qshuai/go-dsa/leetcode/967_numbers_with_same_consecutive_differences.go:22.26,26.3 3 27
github.com/qshuai/go-dsa/leetcode/967_numbers_with_same_consecutive_differences.go:28.2,28.18 1 3
github.com/qshuai/go-dsa/leetcode/967_numbers_with_same_consecutive_differences.go:31.62,32.21 1 63
github.com/qshuai/go-dsa/leetcode/967_numbers_with_same_consecutive_differences.go:32.21,34.40 2 31
github.com/qshuai/go-dsa/leetcode/967_numbers_with_same_consecutive_differences.go:34.40,36.4 1 67
github.com/qshuai/go-dsa/leetcode/967_numbers_with_same_consecutive_differences.go:37.3,38.9 2 31
github.com/qshuai/go-dsa/leetcode/967_numbers_with_same_consecutive_differences.go:42.2,43.17 2 32
[...]
github.com/qshuai/go-dsa/sort/bubble_sort.go:88.4,89.15 2 4
github.com/qshuai/go-dsa/sort/bubble_sort.go:92.3,92.40 1 34
github.com/qshuai/go-dsa/sort/bubble_sort.go:92.40,94.12 2 24
github.com/qshuai/go-dsa/sort/bubble_sort.go:97.3,98.68 2 10
github.com/qshuai/go-dsa/sort/bubble_sort.go:104.87,105.37 1 2
github.com/qshuai/go-dsa/sort/bubble_sort.go:105.37,107.3 1 0
github.com/qshuai/go-dsa/sort/bubble_sort.go:109.2,119.6 6 2
github.com/qshuai/go-dsa/sort/bubble_sort.go:119.6,120.25 1 30
github.com/qshuai/go-dsa/sort/bubble_sort.go:120.25,121.20 1 6
github.com/qshuai/go-dsa/sort/bubble_sort.go:121.20,122.10 1 2
github.com/qshuai/go-dsa/sort/bubble_sort.go:125.4,128.12 4 4
github.com/qshuai/go-dsa/sort/bubble_sort.go:131.3,131.52 1 24
github.com/qshuai/go-dsa/sort/bubble_sort.go:131.52,134.12 3 14
github.com/qshuai/go-dsa/sort/bubble_sort.go:137.3,145.17 9 10
github.com/qshuai/go-dsa/sort/bubble_sort.go:145.17,147.4 1 9
github.com/qshuai/go-dsa/sort/bubble_sort.go:150.2,151.19 2 2
github.com/qshuai/go-dsa/sort/bubble_sort.go:156.78,157.37 1 2
github.com/qshuai/go-dsa/sort/bubble_sort.go:157.37,159.3 1 0
github.com/qshuai/go-dsa/sort/bubble_sort.go:161.2,163.6 3 2
github.com/qshuai/go-dsa/sort/bubble_sort.go:163.6,164.25 1 30
github.com/qshuai/go-dsa/sort/bubble_sort.go:164.25,165.20 1 6
github.com/qshuai/go-dsa/sort/bubble_sort.go:165.20,166.10 1 2
github.com/qshuai/go-dsa/sort/bubble_sort.go:169.4,171.12 3 4
github.com/qshuai/go-dsa/sort/bubble_sort.go:174.3,174.52 1 24
github.com/qshuai/go-dsa/sort/bubble_sort.go:174.52,176.12 2 14
github.com/qshuai/go-dsa/sort/bubble_sort.go:179.3,181.23 3 10
github.com/qshuai/go-dsa/sort/bucket_sort.go:9.35,10.20 1 7
github.com/qshuai/go-dsa/sort/bucket_sort.go:10.20,12.3 1 2
github.com/qshuai/go-dsa/sort/bucket_sort.go:14.2,15.27 2 5
github.com/qshuai/go-dsa/sort/bucket_sort.go:15.27,16.16 1 43
github.com/qshuai/go-dsa/sort/bucket_sort.go:16.16,18.4 1 11
github.com/qshuai/go-dsa/sort/bucket_sort.go:19.3,19.16 1 43
github.com/qshuai/go-dsa/sort/bucket_sort.go:19.16,21.4 1 21
github.com/qshuai/go-dsa/sort/bucket_sort.go:24.2,25.27 2 5
github.com/qshuai/go-dsa/sort/bucket_sort.go:25.27,27.3 1 43
github.com/qshuai/go-dsa/sort/bucket_sort.go:29.2,30.35 2 5
github.com/qshuai/go-dsa/sort/bucket_sort.go:30.35,31.18 1 43
github.com/qshuai/go-dsa/sort/bucket_sort.go:31.18,35.4 3 43
github.com/qshuai/go-dsa/sort/bucket_sort.go:38.2,38.13 1 5
github.com/qshuai/go-dsa/sort/counting_sort.go:24.45,26.27 2 7
github.com/qshuai/go-dsa/sort/counting_sort.go:26.27,28.3 1 43
github.com/qshuai/go-dsa/sort/counting_sort.go:31.2,32.28 2 7
github.com/qshuai/go-dsa/sort/counting_sort.go:32.28,35.3 2 43
github.com/qshuai/go-dsa/sort/counting_sort.go:38.2,40.38 3 7
github.com/qshuai/go-dsa/sort/counting_sort.go:40.38,46.3 3 43
github.com/qshuai/go-dsa/sort/counting_sort.go:49.2,49.17 1 7
github.com/qshuai/go-dsa/sort/insertion_sort.go:6.31,7.19 1 7
github.com/qshuai/go-dsa/sort/insertion_sort.go:7.19,9.3 1 2
github.com/qshuai/go-dsa/sort/insertion_sort.go:11.2,11.32 1 5
github.com/qshuai/go-dsa/sort/insertion_sort.go:11.32,12.31 1 38
github.com/qshuai/go-dsa/sort/insertion_sort.go:12.31,13.26 1 84
github.com/qshuai/go-dsa/sort/insertion_sort.go:13.26,14.10 1 27
github.com/qshuai/go-dsa/sort/insertion_sort.go:17.4,17.39 1 57
github.com/qshuai/go-dsa/sort/merge_sort.go:6.33,7.19 1 47
github.com/qshuai/go-dsa/sort/merge_sort.go:7.19,9.3 1 9
github.com/qshuai/go-dsa/sort/merge_sort.go:10.2,10.19 1 38
github.com/qshuai/go-dsa/sort/merge_sort.go:10.19,11.22 1 18
github.com/qshuai/go-dsa/sort/merge_sort.go:11.22,13.4 1 6
github.com/qshuai/go-dsa/sort/merge_sort.go:14.3,14.13 1 18
github.com/qshuai/go-dsa/sort/merge_sort.go:17.2,20.27 4 20
github.com/qshuai/go-dsa/sort/merge_sort.go:23.37,24.39 1 20
github.com/qshuai/go-dsa/sort/merge_sort.go:24.39,26.3 1 0
github.com/qshuai/go-dsa/sort/merge_sort.go:29.2,34.37 5 20
github.com/qshuai/go-dsa/sort/merge_sort.go:34.37,36.25 1 54
github.com/qshuai/go-dsa/sort/merge_sort.go:36.25,39.4 2 32
github.com/qshuai/go-dsa/sort/merge_sort.go:39.9,42.4 2 22
github.com/qshuai/go-dsa/sort/merge_sort.go:44.2,44.18 1 20
github.com/qshuai/go-dsa/sort/merge_sort.go:44.18,46.3 1 6
github.com/qshuai/go-dsa/sort/merge_sort.go:47.2,47.20 1 20
github.com/qshuai/go-dsa/sort/merge_sort.go:47.20,49.3 1 14
github.com/qshuai/go-dsa/sort/merge_sort.go:51.2,51.13 1 20
github.com/qshuai/go-dsa/sort/quick_sort.go:8.47,9.19 1 262
github.com/qshuai/go-dsa/sort/quick_sort.go:9.19,11.3 1 145
github.com/qshuai/go-dsa/sort/quick_sort.go:13.2,15.30 3 117
github.com/qshuai/go-dsa/sort/quick_sort.go:19.35,22.19 3 37
github.com/qshuai/go-dsa/sort/quick_sort.go:22.19,23.22 1 164
github.com/qshuai/go-dsa/sort/quick_sort.go:23.22,24.12 1 37
github.com/qshuai/go-dsa/sort/quick_sort.go:27.3,28.6 2 127
github.com/qshuai/go-dsa/sort/quick_sort.go:31.2,31.21 1 37
github.com/qshuai/go-dsa/sort/quick_sort.go:31.21,33.3 1 37
github.com/qshuai/go-dsa/sort/quick_sort.go:34.2,34.10 1 37
github.com/qshuai/go-dsa/sort/quick_sort.go:38.37,42.32 4 35
github.com/qshuai/go-dsa/sort/quick_sort.go:42.32,43.22 1 173
github.com/qshuai/go-dsa/sort/quick_sort.go:43.22,44.12 1 101
github.com/qshuai/go-dsa/sort/quick_sort.go:48.3,48.22 1 72
github.com/qshuai/go-dsa/sort/quick_sort.go:48.22,50.4 1 4
github.com/qshuai/go-dsa/sort/quick_sort.go:52.3,53.6 2 72
github.com/qshuai/go-dsa/sort/quick_sort.go:56.2,57.10 2 35
github.com/qshuai/go-dsa/sort/quick_sort.go:61.35,64.34 3 45
github.com/qshuai/go-dsa/sort/quick_sort.go:64.34,65.22 1 175
github.com/qshuai/go-dsa/sort/quick_sort.go:65.22,66.12 1 42
github.com/qshuai/go-dsa/sort/quick_sort.go:69.3,70.6 2 133
github.com/qshuai/go-dsa/sort/quick_sort.go:73.2,74.10 2 45
github.com/qshuai/go-dsa/sort/quick_sort.go:78.37,80.20 2 23
github.com/qshuai/go-dsa/sort/quick_sort.go:80.20,81.18 1 16
github.com/qshuai/go-dsa/sort/quick_sort.go:81.18,83.4 1 0
github.com/qshuai/go-dsa/sort/quick_sort.go:83.9,83.26 1 16
github.com/qshuai/go-dsa/sort/quick_sort.go:83.26,86.4 1 8
github.com/qshuai/go-dsa/sort/quick_sort.go:86.9,88.4 1 8
github.com/qshuai/go-dsa/sort/quick_sort.go:89.8,90.18 1 7
github.com/qshuai/go-dsa/sort/quick_sort.go:90.18,92.4 1 3
github.com/qshuai/go-dsa/sort/quick_sort.go:92.9,92.26 1 4
github.com/qshuai/go-dsa/sort/quick_sort.go:92.26,94.4 1 2
github.com/qshuai/go-dsa/sort/quick_sort.go:94.9,96.4 1 2
github.com/qshuai/go-dsa/sort/selection_sort.go:6.31,7.19 1 7
github.com/qshuai/go-dsa/sort/selection_sort.go:7.19,9.3 1 2
github.com/qshuai/go-dsa/sort/selection_sort.go:11.2,11.32 1 5
github.com/qshuai/go-dsa/sort/selection_sort.go:11.32,14.37 3 43
github.com/qshuai/go-dsa/sort/selection_sort.go:14.37,15.20 1 173
github.com/qshuai/go-dsa/sort/selection_sort.go:15.20,18.5 2 35
github.com/qshuai/go-dsa/sort/selection_sort.go:21.3,21.17 1 43
github.com/qshuai/go-dsa/sort/selection_sort.go:21.17,23.4 1 13
github.com/qshuai/go-dsa/utils/bit.go:4.35,11.2 6 3
github.com/qshuai/go-dsa/utils/bit.go:14.35,22.2 7 3
github.com/qshuai/go-dsa/utils/slice.go:10.58,11.38 1 3
github.com/qshuai/go-dsa/utils/slice.go:11.38,12.29 1 4
github.com/qshuai/go-dsa/utils/slice.go:12.29,14.4 1 1
github.com/qshuai/go-dsa/utils/slice.go:17.2,17.14 1 2
github.com/qshuai/go-dsa/utils/slice.go:22.31,23.16 1 2
github.com/qshuai/go-dsa/utils/slice.go:23.16,25.3 1 1
github.com/qshuai/go-dsa/utils/slice.go:26.2,26.19 1 1
github.com/qshuai/go-dsa/utils/slice.go:26.19,28.3 1 0
github.com/qshuai/go-dsa/utils/slice.go:30.2,32.12 3 1
github.com/qshuai/go-dsa/utils/slice.go:36.61,37.22 1 16
github.com/qshuai/go-dsa/utils/slice.go:37.22,39.3 1 1
github.com/qshuai/go-dsa/utils/slice.go:40.2,40.17 1 15
github.com/qshuai/go-dsa/utils/slice.go:40.17,42.3 1 0
github.com/qshuai/go-dsa/utils/slice.go:44.2,44.36 1 15
github.com/qshuai/go-dsa/utils/slice.go:44.36,46.3 1 30
github.com/qshuai/go-dsa/utils/slice.go:47.2,47.36 1 15
github.com/qshuai/go-dsa/utils/slice.go:47.36,49.3 1 30
github.com/qshuai/go-dsa/utils/slice.go:51.2,51.30 1 15
github.com/qshuai/go-dsa/utils/slice.go:51.30,52.19 1 30
github.com/qshuai/go-dsa/utils/slice.go:52.19,54.4 1 9
github.com/qshuai/go-dsa/utils/slice.go:57.2,57.13 1 6
github.com/qshuai/go-dsa/utils/slice.go:61.71,62.22 1 3
github.com/qshuai/go-dsa/utils/slice.go:62.22,64.3 1 1
github.com/qshuai/go-dsa/utils/slice.go:66.2,66.17 1 2
github.com/qshuai/go-dsa/utils/slice.go:66.17,68.3 1 0
github.com/qshuai/go-dsa/utils/slice.go:70.2,71.30 2 2
github.com/qshuai/go-dsa/utils/slice.go:71.30,72.31 1 6
github.com/qshuai/go-dsa/utils/slice.go:72.31,73.37 1 18
github.com/qshuai/go-dsa/utils/slice.go:73.37,74.13 1 5
github.com/qshuai/go-dsa/utils/slice.go:77.4,77.32 1 13
github.com/qshuai/go-dsa/utils/slice.go:77.32,79.5 1 5
github.com/qshuai/go-dsa/utils/slice.go:83.2,83.37 1 2
github.com/qshuai/go-dsa/utils/testing.go:6.61,7.17 1 0
github.com/qshuai/go-dsa/utils/testing.go:7.17,10.3 2 0
github.com/qshuai/go-dsa/utils/testing.go:12.2,12.23 1 0
github.com/qshuai/go-dsa/utils/testing.go:16.43,17.15 1 0
github.com/qshuai/go-dsa/utils/testing.go:17.15,19.3 1 0
github.com/qshuai/go-dsa/utils/testing.go:21.2,23.26 2 0
github.com/qshuai/go-dsa/utils/testing.go:27.46,28.15 1 0
github.com/qshuai/go-dsa/utils/testing.go:28.15,30.17 2 0
github.com/qshuai/go-dsa/utils/testing.go:30.17,32.4 1 0
github.com/qshuai/go-dsa/utils/testing.go:35.2,35.6 1 0
github.com/qshuai/go-dsa/types/array.go:8.34,9.38 1 1
github.com/qshuai/go-dsa/types/array.go:9.38,11.3 1 0
github.com/qshuai/go-dsa/types/array.go:14.2,17.34 2 1
github.com/qshuai/go-dsa/types/array.go:17.34,19.3 1 3
github.com/qshuai/go-dsa/types/array.go:22.2,22.27 1 1
github.com/qshuai/go-dsa/types/array.go:22.27,24.3 1 1
github.com/qshuai/go-dsa/types/array.go:27.2,27.38 1 1
github.com/qshuai/go-dsa/types/array.go:27.38,29.3 1 2
github.com/qshuai/go-dsa/types/bitmap.go:20.34,25.2 4 3
github.com/qshuai/go-dsa/types/bitmap.go:28.43,34.2 5 2
github.com/qshuai/go-dsa/types/bitmap.go:37.37,42.2 4 2
github.com/qshuai/go-dsa/types/bitmap.go:45.34,46.34 1 2
github.com/qshuai/go-dsa/types/bitmap.go:46.34,48.3 1 0
github.com/qshuai/go-dsa/types/bitmap.go:50.2,52.35 3 2
github.com/qshuai/go-dsa/types/bitmap.go:52.35,54.14 2 3
github.com/qshuai/go-dsa/types/bitmap.go:54.14,56.9 2 1
github.com/qshuai/go-dsa/types/bitmap.go:59.3,59.45 1 2
github.com/qshuai/go-dsa/types/bitmap.go:62.2,62.20 1 2
github.com/qshuai/go-dsa/types/bitmap.go:65.41,66.35 1 7
github.com/qshuai/go-dsa/types/bitmap.go:66.35,67.40 1 1
github.com/qshuai/go-dsa/types/bitmap.go:72.49,75.14 3 4
github.com/qshuai/go-dsa/types/bitmap.go:75.14,77.3 1 3
github.com/qshuai/go-dsa/types/bitmap.go:79.2,83.3 1 4
github.com/qshuai/go-dsa/types/heap.go:23.33,25.24 1 1
github.com/qshuai/go-dsa/types/heap.go:25.24,26.34 1 0
github.com/qshuai/go-dsa/types/heap.go:30.2,34.44 4 1
github.com/qshuai/go-dsa/types/heap.go:34.44,40.3 3 0
github.com/qshuai/go-dsa/types/heap.go:44.43,45.18 1 1
github.com/qshuai/go-dsa/types/heap.go:45.18,47.3 1 0
github.com/qshuai/go-dsa/types/heap.go:50.2,57.8 5 1
github.com/qshuai/go-dsa/types/heap.go:61.26,62.18 1 1
github.com/qshuai/go-dsa/types/heap.go:62.18,64.3 1 0
github.com/qshuai/go-dsa/types/heap.go:66.2,66.35 1 1
github.com/qshuai/go-dsa/types/heap.go:66.35,69.31 2 4
github.com/qshuai/go-dsa/types/heap.go:69.31,71.4 1 16
github.com/qshuai/go-dsa/types/heap.go:76.55,77.20 1 1
github.com/qshuai/go-dsa/types/heap.go:77.20,79.3 1 0
github.com/qshuai/go-dsa/types/heap.go:81.2,84.13 3 1
github.com/qshuai/go-dsa/types/heap.go:88.81,89.20 1 2
github.com/qshuai/go-dsa/types/heap.go:89.20,91.3 1 0
github.com/qshuai/go-dsa/types/heap.go:92.2,92.26 1 2
github.com/qshuai/go-dsa/types/heap.go:92.26,93.31 1 0
github.com/qshuai/go-dsa/types/heap.go:97.2,97.26 1 2
github.com/qshuai/go-dsa/types/heap.go:97.26,100.3 2 2
github.com/qshuai/go-dsa/types/heap.go:102.2,105.13 3 2
github.com/qshuai/go-dsa/types/heap.go:109.40,110.13 1 3
github.com/qshuai/go-dsa/types/heap.go:111.18,112.40 1 0
github.com/qshuai/go-dsa/types/heap.go:112.40,114.4 1 0
github.com/qshuai/go-dsa/types/heap.go:115.18,116.40 1 3
github.com/qshuai/go-dsa/types/heap.go:116.40,118.4 1 8
github.com/qshuai/go-dsa/types/heap.go:119.10,120.33 1 0
github.com/qshuai/go-dsa/types/heap.go:125.53,126.6 1 1
github.com/qshuai/go-dsa/types/heap.go:126.6,128.60 2 3
github.com/qshuai/go-dsa/types/heap.go:128.60,130.4 1 2
github.com/qshuai/go-dsa/types/heap.go:131.3,131.61 1 3
github.com/qshuai/go-dsa/types/heap.go:131.61,133.4 1 1
github.com/qshuai/go-dsa/types/heap.go:134.3,134.22 1 3
github.com/qshuai/go-dsa/types/heap.go:134.22,135.9 1 1
github.com/qshuai/go-dsa/types/heap.go:138.3,139.17 2 2
github.com/qshuai/go-dsa/types/heap.go:144.53,145.6 1 26
github.com/qshuai/go-dsa/types/heap.go:145.6,147.60 2 36
github.com/qshuai/go-dsa/types/heap.go:147.60,149.4 1 8
github.com/qshuai/go-dsa/types/heap.go:150.3,150.61 1 36
github.com/qshuai/go-dsa/types/heap.go:150.61,152.4 1 5
github.com/qshuai/go-dsa/types/heap.go:153.3,153.22 1 36
github.com/qshuai/go-dsa/types/heap.go:153.22,154.9 1 26
github.com/qshuai/go-dsa/types/heap.go:157.3,158.17 2 10
github.com/qshuai/go-dsa/types/list.go:14.62,21.30 3 7
github.com/qshuai/go-dsa/types/list.go:21.30,29.3 4 14
github.com/qshuai/go-dsa/types/list.go:31.2,31.13 1 7
github.com/qshuai/go-dsa/types/list.go:35.54,36.17 1 2
github.com/qshuai/go-dsa/types/list.go:36.17,38.3 1 0
github.com/qshuai/go-dsa/types/list.go:40.2,42.30 3 2
github.com/qshuai/go-dsa/types/list.go:42.30,46.3 3 7
github.com/qshuai/go-dsa/types/list.go:48.2,48.13 1 2
github.com/qshuai/go-dsa/types/list.go:52.62,53.14 1 1
github.com/qshuai/go-dsa/types/list.go:53.14,54.37 1 0
github.com/qshuai/go-dsa/types/list.go:57.2,58.25 2 1
github.com/qshuai/go-dsa/types/list.go:58.25,60.3 1 1
github.com/qshuai/go-dsa/types/list.go:62.2,63.13 2 1
github.com/qshuai/go-dsa/types/list.go:68.62,69.14 1 2
github.com/qshuai/go-dsa/types/list.go:69.14,70.50 1 0
github.com/qshuai/go-dsa/types/list.go:72.2,72.13 1 2
github.com/qshuai/go-dsa/types/list.go:72.13,73.51 1 0
github.com/qshuai/go-dsa/types/list.go:77.2,77.14 1 2
github.com/qshuai/go-dsa/types/list.go:77.14,79.3 1 1
github.com/qshuai/go-dsa/types/list.go:81.2,83.20 3 1
github.com/qshuai/go-dsa/types/list.go:83.20,84.15 1 2
github.com/qshuai/go-dsa/types/list.go:84.15,85.26 1 1
github.com/qshuai/go-dsa/types/list.go:85.26,86.32 1 0
github.com/qshuai/go-dsa/types/list.go:89.4,90.15 2 1
github.com/qshuai/go-dsa/types/list.go:93.3,94.23 2 1
github.com/qshuai/go-dsa/types/list.go:97.2,97.13 1 0
github.com/qshuai/go-dsa/types/list.go:101.63,105.17 3 1
github.com/qshuai/go-dsa/types/list.go:105.17,110.3 4 5
github.com/qshuai/go-dsa/types/list.go:112.2,112.13 1 1
github.com/qshuai/go-dsa/types/list.go:115.39,116.14 1 7
github.com/qshuai/go-dsa/types/list.go:116.14,118.3 1 2
github.com/qshuai/go-dsa/types/list.go:120.2,122.20 3 5
github.com/qshuai/go-dsa/types/list.go:122.20,126.20 3 16
github.com/qshuai/go-dsa/types/list.go:126.20,128.4 1 11
github.com/qshuai/go-dsa/types/list.go:131.2,131.20 1 5
github.com/qshuai/go-dsa/types/list.go:142.65,143.19 1 2
github.com/qshuai/go-dsa/types/list.go:143.19,145.3 1 0
github.com/qshuai/go-dsa/types/list.go:147.2,153.32 3 2
github.com/qshuai/go-dsa/types/list.go:153.32,162.3 3 4
github.com/qshuai/go-dsa/types/list.go:164.2,164.13 1 2
github.com/qshuai/go-dsa/types/list.go:168.40,169.14 1 2
github.com/qshuai/go-dsa/types/list.go:169.14,171.3 1 1
github.com/qshuai/go-dsa/types/list.go:173.2,175.20 3 1
github.com/qshuai/go-dsa/types/list.go:175.20,176.47 1 3
github.com/qshuai/go-dsa/types/list.go:176.47,178.4 1 0
github.com/qshuai/go-dsa/types/list.go:178.9,180.4 1 3
github.com/qshuai/go-dsa/types/list.go:182.3,183.20 2 3
github.com/qshuai/go-dsa/types/list.go:183.20,185.4 1 2
github.com/qshuai/go-dsa/types/list.go:188.2,188.20 1 1
github.com/qshuai/go-dsa/types/tree.go:18.39,19.17 1 19
github.com/qshuai/go-dsa/types/tree.go:19.17,21.3 1 10
github.com/qshuai/go-dsa/types/tree.go:23.2,25.30 3 9
github.com/qshuai/go-dsa/types/tree.go:29.43,32.41 3 1
github.com/qshuai/go-dsa/types/tree.go:32.41,33.19 1 9
github.com/qshuai/go-dsa/types/tree.go:33.19,38.4 3 9
github.com/qshuai/go-dsa/types/tree.go:40.3,40.26 1 9
github.com/qshuai/go-dsa/types/tree.go:40.26,46.4 4 9
github.com/qshuai/go-dsa/types/tree.go:51.38,52.17 1 19
github.com/qshuai/go-dsa/types/tree.go:52.17,54.3 1 10
github.com/qshuai/go-dsa/types/tree.go:56.2,58.29 3 9
github.com/qshuai/go-dsa/types/tree.go:62.42,65.41 3 1
github.com/qshuai/go-dsa/types/tree.go:65.41,66.19 1 9
github.com/qshuai/go-dsa/types/tree.go:66.19,69.4 2 9
github.com/qshuai/go-dsa/types/tree.go:71.3,71.26 1 9
github.com/qshuai/go-dsa/types/tree.go:71.26,79.4 5 9
github.com/qshuai/go-dsa/types/tree.go:84.40,85.17 1 19
github.com/qshuai/go-dsa/types/tree.go:85.17,87.3 1 10
github.com/qshuai/go-dsa/types/tree.go:89.2,91.23 3 9
github.com/qshuai/go-dsa/types/tree.go:95.44,99.41 4 1
github.com/qshuai/go-dsa/types/tree.go:99.41,100.19 1 13
github.com/qshuai/go-dsa/types/tree.go:100.19,103.4 2 9
github.com/qshuai/go-dsa/types/tree.go:105.3,107.51 3 13
github.com/qshuai/go-dsa/types/tree.go:107.51,113.4 4 9
github.com/qshuai/go-dsa/types/tree.go:113.9,115.4 1 4
github.com/qshuai/go-dsa/types/tree.go:120.41,121.17 1 1
github.com/qshuai/go-dsa/types/tree.go:121.17,123.3 1 0
github.com/qshuai/go-dsa/types/tree.go:125.2,128.18 3 1
github.com/qshuai/go-dsa/types/tree.go:128.18,132.22 3 9
github.com/qshuai/go-dsa/types/tree.go:132.22,134.4 1 4
github.com/qshuai/go-dsa/types/tree.go:135.3,135.23 1 9
github.com/qshuai/go-dsa/types/tree.go:135.23,137.4 1 4
github.com/qshuai/go-dsa/types/tree.go:139.3,139.23 1 9
github.com/qshuai/go-dsa/types/tree.go:144.42,145.38 1 1
github.com/qshuai/go-dsa/types/tree.go:145.38,147.3 1 0
github.com/qshuai/go-dsa/types/tree.go:149.2,153.39 5 1
github.com/qshuai/go-dsa/types/tree.go:153.39,157.21 4 5
github.com/qshuai/go-dsa/types/tree.go:157.21,159.4 1 4
github.com/qshuai/go-dsa/types/tree.go:160.3,162.42 2 5
github.com/qshuai/go-dsa/types/tree.go:162.42,164.4 1 4
github.com/qshuai/go-dsa/types/tree.go:165.3,167.9 2 5
github.com/qshuai/go-dsa/types/tree.go:170.2,170.13 1 1
github.com/qshuai/go-dsa/types/tree.go:181.36,182.16 1 4
github.com/qshuai/go-dsa/types/tree.go:182.16,183.45 1 0
github.com/qshuai/go-dsa/types/tree.go:186.2,187.20 2 4
github.com/qshuai/go-dsa/types/tree.go:187.20,188.27 1 6
github.com/qshuai/go-dsa/types/tree.go:188.27,189.26 1 0
github.com/qshuai/go-dsa/types/tree.go:189.26,192.5 2 0
github.com/qshuai/go-dsa/types/tree.go:193.4,194.12 2 0
github.com/qshuai/go-dsa/types/tree.go:197.3,197.26 1 6
github.com/qshuai/go-dsa/types/tree.go:197.26,200.4 2 4
github.com/qshuai/go-dsa/types/tree.go:201.3,201.24 1 2
github.com/qshuai/go-dsa/types/tree.go:206.43,207.16 1 0
github.com/qshuai/go-dsa/types/tree.go:207.16,209.3 1 0
github.com/qshuai/go-dsa/types/tree.go:211.2,211.25 1 0
github.com/qshuai/go-dsa/types/tree.go:211.25,213.3 1 0
github.com/qshuai/go-dsa/types/tree.go:214.2,214.24 1 0
github.com/qshuai/go-dsa/types/tree.go:214.24,215.22 1 0
github.com/qshuai/go-dsa/types/tree.go:215.22,217.4 1 0
github.com/qshuai/go-dsa/types/tree.go:219.3,219.31 1 0
github.com/qshuai/go-dsa/types/tree.go:222.2,222.22 1 0
github.com/qshuai/go-dsa/types/tree.go:222.22,224.3 1 0
github.com/qshuai/go-dsa/types/tree.go:226.2,226.31 1 0
github.com/qshuai/go-dsa/types/tree.go:230.33,231.16 1 1
github.com/qshuai/go-dsa/types/tree.go:231.16,233.3 1 0
github.com/qshuai/go-dsa/types/tree.go:235.2,237.12 3 1
github.com/qshuai/go-dsa/types/tree.go:241.62,242.17 1 2
github.com/qshuai/go-dsa/types/tree.go:242.17,244.3 1 0
github.com/qshuai/go-dsa/types/tree.go:246.2,247.30 2 2
github.com/qshuai/go-dsa/types/tree.go:247.30,249.3 1 4
github.com/qshuai/go-dsa/types/tree.go:251.2,251.13 1 2
github.com/qshuai/go-dsa/types/tree.go:254.49,255.16 1 7
github.com/qshuai/go-dsa/types/tree.go:255.16,256.20 1 4
github.com/qshuai/go-dsa/types/tree.go:256.20,258.4 1 2
github.com/qshuai/go-dsa/types/tree.go:260.3,260.9 1 4
github.com/qshuai/go-dsa/types/tree.go:263.2,264.33 2 3
